[32m2025-06-19 18:06:36 +0530[0m - dagster - [34mDEBUG[0m - materialize_dbt_models - afdf8c5b-73a0-4b2f-ac1a-b8e9df3f4994 - 194668 - LOGS_CAPTURED - Started capturing logs in process (pid: 194668).
[32m2025-06-19 18:06:36 +0530[0m - dagster - [34mDEBUG[0m - materialize_dbt_models - afdf8c5b-73a0-4b2f-ac1a-b8e9df3f4994 - 194668 - bike_share_dbt_assets - STEP_START - Started execution of step "bike_share_dbt_assets".
[32m2025-06-19 18:06:36 +0530[0m - dagster - [34mINFO[0m - materialize_dbt_models - afdf8c5b-73a0-4b2f-ac1a-b8e9df3f4994 - bike_share_dbt_assets - A dbt subsetted execution is not being performed. Using the default dbt selection arguments `['--select', 'fqn:*']`.
INFO:dagster.builtin:materialize_dbt_models - afdf8c5b-73a0-4b2f-ac1a-b8e9df3f4994 - bike_share_dbt_assets - A dbt subsetted execution is not being performed. Using the default dbt selection arguments `['--select', 'fqn:*']`.
[32m2025-06-19 18:06:36 +0530[0m - dagster - [34mINFO[0m - materialize_dbt_models - afdf8c5b-73a0-4b2f-ac1a-b8e9df3f4994 - bike_share_dbt_assets - Copying `C:\Users\Parth Suyal\Desktop\bike_share_analysis\dbt_bike_share\target\partial_parse.msgpack` to `C:\Users\Parth Suyal\Desktop\bike_share_analysis\dbt_bike_share\target\bike_share_dbt_assets-afdf8c5-1750336596\partial_parse.msgpack` to take advantage of partial parsing.
INFO:dagster.builtin:materialize_dbt_models - afdf8c5b-73a0-4b2f-ac1a-b8e9df3f4994 - bike_share_dbt_assets - Copying `C:\Users\Parth Suyal\Desktop\bike_share_analysis\dbt_bike_share\target\partial_parse.msgpack` to `C:\Users\Parth Suyal\Desktop\bike_share_analysis\dbt_bike_share\target\bike_share_dbt_assets-afdf8c5-1750336596\partial_parse.msgpack` to take advantage of partial parsing.
[32m2025-06-19 18:06:36 +0530[0m - dagster - [34mINFO[0m - materialize_dbt_models - afdf8c5b-73a0-4b2f-ac1a-b8e9df3f4994 - bike_share_dbt_assets - Running dbt command: `dbt --profiles-dir C:\Users\Parth Suyal\Desktop\bike_share_analysis build --select fqn:*`.
INFO:dagster.builtin:materialize_dbt_models - afdf8c5b-73a0-4b2f-ac1a-b8e9df3f4994 - bike_share_dbt_assets - Running dbt command: `dbt --profiles-dir C:\Users\Parth Suyal\Desktop\bike_share_analysis build --select fqn:*`.
[32m2025-06-19 18:06:40 +0530[0m - dagster - [34mDEBUG[0m - materialize_dbt_models - afdf8c5b-73a0-4b2f-ac1a-b8e9df3f4994 - 194668 - bike_share_dbt_assets - STEP_OUTPUT - Yielded output "stg_rides" of type "Nothing". (Type check passed).
[32m2025-06-19 18:06:40 +0530[0m - dagster - [34mDEBUG[0m - materialize_dbt_models - afdf8c5b-73a0-4b2f-ac1a-b8e9df3f4994 - 194668 - bike_share_dbt_assets - ASSET_MATERIALIZATION - Materialized value stg_rides.
[32m2025-06-19 18:06:40 +0530[0m - dagster - [34mDEBUG[0m - materialize_dbt_models - afdf8c5b-73a0-4b2f-ac1a-b8e9df3f4994 - 194668 - bike_share_dbt_assets - HANDLED_OUTPUT - Handled output "stg_rides" using IO manager "io_manager"
[32m2025-06-19 18:06:40 +0530[0m - dagster - [34mDEBUG[0m - materialize_dbt_models - afdf8c5b-73a0-4b2f-ac1a-b8e9df3f4994 - 194668 - bike_share_dbt_assets - STEP_OUTPUT - Yielded output "stg_stations" of type "Nothing". (Type check passed).
[32m2025-06-19 18:06:40 +0530[0m - dagster - [34mDEBUG[0m - materialize_dbt_models - afdf8c5b-73a0-4b2f-ac1a-b8e9df3f4994 - 194668 - bike_share_dbt_assets - ASSET_MATERIALIZATION - Materialized value stg_stations.
[32m2025-06-19 18:06:40 +0530[0m - dagster - [34mDEBUG[0m - materialize_dbt_models - afdf8c5b-73a0-4b2f-ac1a-b8e9df3f4994 - 194668 - bike_share_dbt_assets - HANDLED_OUTPUT - Handled output "stg_stations" using IO manager "io_manager"
[32m2025-06-19 18:06:40 +0530[0m - dagster - [34mDEBUG[0m - materialize_dbt_models - afdf8c5b-73a0-4b2f-ac1a-b8e9df3f4994 - 194668 - bike_share_dbt_assets - STEP_OUTPUT - Yielded output "stg_users" of type "Nothing". (Type check passed).
[32m2025-06-19 18:06:40 +0530[0m - dagster - [34mDEBUG[0m - materialize_dbt_models - afdf8c5b-73a0-4b2f-ac1a-b8e9df3f4994 - 194668 - bike_share_dbt_assets - ASSET_MATERIALIZATION - Materialized value stg_users.
[32m2025-06-19 18:06:40 +0530[0m - dagster - [34mDEBUG[0m - materialize_dbt_models - afdf8c5b-73a0-4b2f-ac1a-b8e9df3f4994 - 194668 - bike_share_dbt_assets - HANDLED_OUTPUT - Handled output "stg_users" using IO manager "io_manager"
[32m2025-06-19 18:06:41 +0530[0m - dagster - [34mDEBUG[0m - materialize_dbt_models - afdf8c5b-73a0-4b2f-ac1a-b8e9df3f4994 - 194668 - bike_share_dbt_assets - ASSET_OBSERVATION - DagsterEventType.ASSET_OBSERVATION for step bike_share_dbt_assets
[32m2025-06-19 18:06:41 +0530[0m - dagster - [34mDEBUG[0m - materialize_dbt_models - afdf8c5b-73a0-4b2f-ac1a-b8e9df3f4994 - 194668 - bike_share_dbt_assets - ASSET_OBSERVATION - DagsterEventType.ASSET_OBSERVATION for step bike_share_dbt_assets
[32m2025-06-19 18:06:41 +0530[0m - dagster - [34mDEBUG[0m - materialize_dbt_models - afdf8c5b-73a0-4b2f-ac1a-b8e9df3f4994 - 194668 - bike_share_dbt_assets - ASSET_OBSERVATION - DagsterEventType.ASSET_OBSERVATION for step bike_share_dbt_assets
[32m2025-06-19 18:06:41 +0530[0m - dagster - [34mDEBUG[0m - materialize_dbt_models - afdf8c5b-73a0-4b2f-ac1a-b8e9df3f4994 - 194668 - bike_share_dbt_assets - ASSET_OBSERVATION - DagsterEventType.ASSET_OBSERVATION for step bike_share_dbt_assets
[32m2025-06-19 18:06:41 +0530[0m - dagster - [34mDEBUG[0m - materialize_dbt_models - afdf8c5b-73a0-4b2f-ac1a-b8e9df3f4994 - 194668 - bike_share_dbt_assets - ASSET_OBSERVATION - DagsterEventType.ASSET_OBSERVATION for step bike_share_dbt_assets
[32m2025-06-19 18:06:41 +0530[0m - dagster - [34mDEBUG[0m - materialize_dbt_models - afdf8c5b-73a0-4b2f-ac1a-b8e9df3f4994 - 194668 - bike_share_dbt_assets - ASSET_OBSERVATION - DagsterEventType.ASSET_OBSERVATION for step bike_share_dbt_assets
[32m2025-06-19 18:06:41 +0530[0m - dagster - [34mDEBUG[0m - materialize_dbt_models - afdf8c5b-73a0-4b2f-ac1a-b8e9df3f4994 - 194668 - bike_share_dbt_assets - ASSET_OBSERVATION - DagsterEventType.ASSET_OBSERVATION for step bike_share_dbt_assets
[32m2025-06-19 18:06:41 +0530[0m - dagster - [34mDEBUG[0m - materialize_dbt_models - afdf8c5b-73a0-4b2f-ac1a-b8e9df3f4994 - 194668 - bike_share_dbt_assets - ASSET_OBSERVATION - DagsterEventType.ASSET_OBSERVATION for step bike_share_dbt_assets
[32m2025-06-19 18:06:41 +0530[0m - dagster - [34mDEBUG[0m - materialize_dbt_models - afdf8c5b-73a0-4b2f-ac1a-b8e9df3f4994 - 194668 - bike_share_dbt_assets - ASSET_OBSERVATION - DagsterEventType.ASSET_OBSERVATION for step bike_share_dbt_assets
[32m2025-06-19 18:06:41 +0530[0m - dagster - [34mDEBUG[0m - materialize_dbt_models - afdf8c5b-73a0-4b2f-ac1a-b8e9df3f4994 - 194668 - bike_share_dbt_assets - ASSET_OBSERVATION - DagsterEventType.ASSET_OBSERVATION for step bike_share_dbt_assets
[32m2025-06-19 18:06:41 +0530[0m - dagster - [34mDEBUG[0m - materialize_dbt_models - afdf8c5b-73a0-4b2f-ac1a-b8e9df3f4994 - 194668 - bike_share_dbt_assets - ASSET_OBSERVATION - DagsterEventType.ASSET_OBSERVATION for step bike_share_dbt_assets
[32m2025-06-19 18:06:41 +0530[0m - dagster - [34mDEBUG[0m - materialize_dbt_models - afdf8c5b-73a0-4b2f-ac1a-b8e9df3f4994 - 194668 - bike_share_dbt_assets - ASSET_OBSERVATION - DagsterEventType.ASSET_OBSERVATION for step bike_share_dbt_assets
[32m2025-06-19 18:06:41 +0530[0m - dagster - [34mDEBUG[0m - materialize_dbt_models - afdf8c5b-73a0-4b2f-ac1a-b8e9df3f4994 - 194668 - bike_share_dbt_assets - ASSET_OBSERVATION - DagsterEventType.ASSET_OBSERVATION for step bike_share_dbt_assets
[32m2025-06-19 18:06:41 +0530[0m - dagster - [34mDEBUG[0m - materialize_dbt_models - afdf8c5b-73a0-4b2f-ac1a-b8e9df3f4994 - 194668 - bike_share_dbt_assets - ASSET_OBSERVATION - DagsterEventType.ASSET_OBSERVATION for step bike_share_dbt_assets
[32m2025-06-19 18:06:41 +0530[0m - dagster - [34mDEBUG[0m - materialize_dbt_models - afdf8c5b-73a0-4b2f-ac1a-b8e9df3f4994 - 194668 - bike_share_dbt_assets - ASSET_OBSERVATION - DagsterEventType.ASSET_OBSERVATION for step bike_share_dbt_assets
[32m2025-06-19 18:06:42 +0530[0m - dagster - [34mDEBUG[0m - materialize_dbt_models - afdf8c5b-73a0-4b2f-ac1a-b8e9df3f4994 - 194668 - bike_share_dbt_assets - ASSET_OBSERVATION - DagsterEventType.ASSET_OBSERVATION for step bike_share_dbt_assets
[32m2025-06-19 18:06:42 +0530[0m - dagster - [34mDEBUG[0m - materialize_dbt_models - afdf8c5b-73a0-4b2f-ac1a-b8e9df3f4994 - 194668 - bike_share_dbt_assets - ASSET_OBSERVATION - DagsterEventType.ASSET_OBSERVATION for step bike_share_dbt_assets
[32m2025-06-19 18:06:42 +0530[0m - dagster - [34mDEBUG[0m - materialize_dbt_models - afdf8c5b-73a0-4b2f-ac1a-b8e9df3f4994 - 194668 - bike_share_dbt_assets - ASSET_OBSERVATION - DagsterEventType.ASSET_OBSERVATION for step bike_share_dbt_assets
[32m2025-06-19 18:06:42 +0530[0m - dagster - [34mDEBUG[0m - materialize_dbt_models - afdf8c5b-73a0-4b2f-ac1a-b8e9df3f4994 - 194668 - bike_share_dbt_assets - ASSET_OBSERVATION - DagsterEventType.ASSET_OBSERVATION for step bike_share_dbt_assets
[32m2025-06-19 18:06:42 +0530[0m - dagster - [34mDEBUG[0m - materialize_dbt_models - afdf8c5b-73a0-4b2f-ac1a-b8e9df3f4994 - 194668 - bike_share_dbt_assets - ASSET_OBSERVATION - DagsterEventType.ASSET_OBSERVATION for step bike_share_dbt_assets
[32m2025-06-19 18:06:42 +0530[0m - dagster - [34mDEBUG[0m - materialize_dbt_models - afdf8c5b-73a0-4b2f-ac1a-b8e9df3f4994 - 194668 - bike_share_dbt_assets - ASSET_OBSERVATION - DagsterEventType.ASSET_OBSERVATION for step bike_share_dbt_assets
[32m2025-06-19 18:06:42 +0530[0m - dagster - [34mDEBUG[0m - materialize_dbt_models - afdf8c5b-73a0-4b2f-ac1a-b8e9df3f4994 - 194668 - bike_share_dbt_assets - ASSET_OBSERVATION - DagsterEventType.ASSET_OBSERVATION for step bike_share_dbt_assets
[32m2025-06-19 18:06:42 +0530[0m - dagster - [34mDEBUG[0m - materialize_dbt_models - afdf8c5b-73a0-4b2f-ac1a-b8e9df3f4994 - 194668 - bike_share_dbt_assets - ASSET_OBSERVATION - DagsterEventType.ASSET_OBSERVATION for step bike_share_dbt_assets
[32m2025-06-19 18:06:42 +0530[0m - dagster - [34mDEBUG[0m - materialize_dbt_models - afdf8c5b-73a0-4b2f-ac1a-b8e9df3f4994 - 194668 - bike_share_dbt_assets - ASSET_OBSERVATION - DagsterEventType.ASSET_OBSERVATION for step bike_share_dbt_assets
[32m2025-06-19 18:06:42 +0530[0m - dagster - [34mDEBUG[0m - materialize_dbt_models - afdf8c5b-73a0-4b2f-ac1a-b8e9df3f4994 - 194668 - bike_share_dbt_assets - ASSET_OBSERVATION - DagsterEventType.ASSET_OBSERVATION for step bike_share_dbt_assets
[32m2025-06-19 18:06:42 +0530[0m - dagster - [34mDEBUG[0m - materialize_dbt_models - afdf8c5b-73a0-4b2f-ac1a-b8e9df3f4994 - 194668 - bike_share_dbt_assets - STEP_OUTPUT - Yielded output "int_time" of type "Nothing". (Type check passed).
[32m2025-06-19 18:06:43 +0530[0m - dagster - [34mDEBUG[0m - materialize_dbt_models - afdf8c5b-73a0-4b2f-ac1a-b8e9df3f4994 - 194668 - bike_share_dbt_assets - ASSET_MATERIALIZATION - Materialized value int_time.
[32m2025-06-19 18:06:43 +0530[0m - dagster - [34mDEBUG[0m - materialize_dbt_models - afdf8c5b-73a0-4b2f-ac1a-b8e9df3f4994 - 194668 - bike_share_dbt_assets - HANDLED_OUTPUT - Handled output "int_time" using IO manager "io_manager"
[32m2025-06-19 18:06:44 +0530[0m - dagster - [34mDEBUG[0m - materialize_dbt_models - afdf8c5b-73a0-4b2f-ac1a-b8e9df3f4994 - 194668 - bike_share_dbt_assets - STEP_OUTPUT - Yielded output "int_stations" of type "Nothing". (Type check passed).
[32m2025-06-19 18:06:44 +0530[0m - dagster - [34mDEBUG[0m - materialize_dbt_models - afdf8c5b-73a0-4b2f-ac1a-b8e9df3f4994 - 194668 - bike_share_dbt_assets - ASSET_MATERIALIZATION - Materialized value int_stations.
[32m2025-06-19 18:06:44 +0530[0m - dagster - [34mDEBUG[0m - materialize_dbt_models - afdf8c5b-73a0-4b2f-ac1a-b8e9df3f4994 - 194668 - bike_share_dbt_assets - HANDLED_OUTPUT - Handled output "int_stations" using IO manager "io_manager"
[32m2025-06-19 18:06:44 +0530[0m - dagster - [34mDEBUG[0m - materialize_dbt_models - afdf8c5b-73a0-4b2f-ac1a-b8e9df3f4994 - 194668 - bike_share_dbt_assets - ASSET_OBSERVATION - DagsterEventType.ASSET_OBSERVATION for step bike_share_dbt_assets
[32m2025-06-19 18:06:44 +0530[0m - dagster - [34mDEBUG[0m - materialize_dbt_models - afdf8c5b-73a0-4b2f-ac1a-b8e9df3f4994 - 194668 - bike_share_dbt_assets - ASSET_OBSERVATION - DagsterEventType.ASSET_OBSERVATION for step bike_share_dbt_assets
[32m2025-06-19 18:06:44 +0530[0m - dagster - [34mDEBUG[0m - materialize_dbt_models - afdf8c5b-73a0-4b2f-ac1a-b8e9df3f4994 - 194668 - bike_share_dbt_assets - ASSET_OBSERVATION - DagsterEventType.ASSET_OBSERVATION for step bike_share_dbt_assets
[32m2025-06-19 18:06:44 +0530[0m - dagster - [34mDEBUG[0m - materialize_dbt_models - afdf8c5b-73a0-4b2f-ac1a-b8e9df3f4994 - 194668 - bike_share_dbt_assets - ASSET_OBSERVATION - DagsterEventType.ASSET_OBSERVATION for step bike_share_dbt_assets
[32m2025-06-19 18:06:44 +0530[0m - dagster - [34mDEBUG[0m - materialize_dbt_models - afdf8c5b-73a0-4b2f-ac1a-b8e9df3f4994 - 194668 - bike_share_dbt_assets - ASSET_OBSERVATION - DagsterEventType.ASSET_OBSERVATION for step bike_share_dbt_assets
[32m2025-06-19 18:06:44 +0530[0m - dagster - [34mDEBUG[0m - materialize_dbt_models - afdf8c5b-73a0-4b2f-ac1a-b8e9df3f4994 - 194668 - bike_share_dbt_assets - ASSET_OBSERVATION - DagsterEventType.ASSET_OBSERVATION for step bike_share_dbt_assets
[32m2025-06-19 18:06:45 +0530[0m - dagster - [34mDEBUG[0m - materialize_dbt_models - afdf8c5b-73a0-4b2f-ac1a-b8e9df3f4994 - 194668 - bike_share_dbt_assets - ASSET_OBSERVATION - DagsterEventType.ASSET_OBSERVATION for step bike_share_dbt_assets
[32m2025-06-19 18:06:45 +0530[0m - dagster - [34mDEBUG[0m - materialize_dbt_models - afdf8c5b-73a0-4b2f-ac1a-b8e9df3f4994 - 194668 - bike_share_dbt_assets - ASSET_OBSERVATION - DagsterEventType.ASSET_OBSERVATION for step bike_share_dbt_assets
[32m2025-06-19 18:06:45 +0530[0m - dagster - [34mDEBUG[0m - materialize_dbt_models - afdf8c5b-73a0-4b2f-ac1a-b8e9df3f4994 - 194668 - bike_share_dbt_assets - ASSET_OBSERVATION - DagsterEventType.ASSET_OBSERVATION for step bike_share_dbt_assets
[32m2025-06-19 18:06:45 +0530[0m - dagster - [34mDEBUG[0m - materialize_dbt_models - afdf8c5b-73a0-4b2f-ac1a-b8e9df3f4994 - 194668 - bike_share_dbt_assets - ASSET_OBSERVATION - DagsterEventType.ASSET_OBSERVATION for step bike_share_dbt_assets
[32m2025-06-19 18:06:45 +0530[0m - dagster - [34mDEBUG[0m - materialize_dbt_models - afdf8c5b-73a0-4b2f-ac1a-b8e9df3f4994 - 194668 - bike_share_dbt_assets - ASSET_OBSERVATION - DagsterEventType.ASSET_OBSERVATION for step bike_share_dbt_assets
[32m2025-06-19 18:06:45 +0530[0m - dagster - [34mDEBUG[0m - materialize_dbt_models - afdf8c5b-73a0-4b2f-ac1a-b8e9df3f4994 - 194668 - bike_share_dbt_assets - ASSET_OBSERVATION - DagsterEventType.ASSET_OBSERVATION for step bike_share_dbt_assets
[32m2025-06-19 18:06:45 +0530[0m - dagster - [34mDEBUG[0m - materialize_dbt_models - afdf8c5b-73a0-4b2f-ac1a-b8e9df3f4994 - 194668 - bike_share_dbt_assets - ASSET_OBSERVATION - DagsterEventType.ASSET_OBSERVATION for step bike_share_dbt_assets
[32m2025-06-19 18:06:45 +0530[0m - dagster - [34mDEBUG[0m - materialize_dbt_models - afdf8c5b-73a0-4b2f-ac1a-b8e9df3f4994 - 194668 - bike_share_dbt_assets - ASSET_OBSERVATION - DagsterEventType.ASSET_OBSERVATION for step bike_share_dbt_assets
[32m2025-06-19 18:06:46 +0530[0m - dagster - [34mDEBUG[0m - materialize_dbt_models - afdf8c5b-73a0-4b2f-ac1a-b8e9df3f4994 - 194668 - bike_share_dbt_assets - ASSET_OBSERVATION - DagsterEventType.ASSET_OBSERVATION for step bike_share_dbt_assets
[32m2025-06-19 18:06:46 +0530[0m - dagster - [34mDEBUG[0m - materialize_dbt_models - afdf8c5b-73a0-4b2f-ac1a-b8e9df3f4994 - 194668 - bike_share_dbt_assets - ASSET_OBSERVATION - DagsterEventType.ASSET_OBSERVATION for step bike_share_dbt_assets
[32m2025-06-19 18:06:46 +0530[0m - dagster - [34mDEBUG[0m - materialize_dbt_models - afdf8c5b-73a0-4b2f-ac1a-b8e9df3f4994 - 194668 - bike_share_dbt_assets - ASSET_OBSERVATION - DagsterEventType.ASSET_OBSERVATION for step bike_share_dbt_assets
[32m2025-06-19 18:06:46 +0530[0m - dagster - [34mDEBUG[0m - materialize_dbt_models - afdf8c5b-73a0-4b2f-ac1a-b8e9df3f4994 - 194668 - bike_share_dbt_assets - ASSET_OBSERVATION - DagsterEventType.ASSET_OBSERVATION for step bike_share_dbt_assets
[32m2025-06-19 18:06:46 +0530[0m - dagster - [34mDEBUG[0m - materialize_dbt_models - afdf8c5b-73a0-4b2f-ac1a-b8e9df3f4994 - 194668 - bike_share_dbt_assets - ASSET_OBSERVATION - DagsterEventType.ASSET_OBSERVATION for step bike_share_dbt_assets
[32m2025-06-19 18:06:46 +0530[0m - dagster - [34mDEBUG[0m - materialize_dbt_models - afdf8c5b-73a0-4b2f-ac1a-b8e9df3f4994 - 194668 - bike_share_dbt_assets - STEP_OUTPUT - Yielded output "dim_time" of type "Nothing". (Type check passed).
[32m2025-06-19 18:06:46 +0530[0m - dagster - [34mDEBUG[0m - materialize_dbt_models - afdf8c5b-73a0-4b2f-ac1a-b8e9df3f4994 - 194668 - bike_share_dbt_assets - ASSET_MATERIALIZATION - Materialized value dim_time.
[32m2025-06-19 18:06:46 +0530[0m - dagster - [34mDEBUG[0m - materialize_dbt_models - afdf8c5b-73a0-4b2f-ac1a-b8e9df3f4994 - 194668 - bike_share_dbt_assets - HANDLED_OUTPUT - Handled output "dim_time" using IO manager "io_manager"
[32m2025-06-19 18:07:05 +0530[0m - dagster - [34mDEBUG[0m - materialize_dbt_models - afdf8c5b-73a0-4b2f-ac1a-b8e9df3f4994 - 194668 - bike_share_dbt_assets - STEP_OUTPUT - Yielded output "int_rides_enriched" of type "Nothing". (Type check passed).
[32m2025-06-19 18:07:05 +0530[0m - dagster - [34mDEBUG[0m - materialize_dbt_models - afdf8c5b-73a0-4b2f-ac1a-b8e9df3f4994 - 194668 - bike_share_dbt_assets - ASSET_MATERIALIZATION - Materialized value int_rides_enriched.
[32m2025-06-19 18:07:05 +0530[0m - dagster - [34mDEBUG[0m - materialize_dbt_models - afdf8c5b-73a0-4b2f-ac1a-b8e9df3f4994 - 194668 - bike_share_dbt_assets - HANDLED_OUTPUT - Handled output "int_rides_enriched" using IO manager "io_manager"
[32m2025-06-19 18:07:05 +0530[0m - dagster - [34mDEBUG[0m - materialize_dbt_models - afdf8c5b-73a0-4b2f-ac1a-b8e9df3f4994 - 194668 - bike_share_dbt_assets - STEP_OUTPUT - Yielded output "dim_stations" of type "Nothing". (Type check passed).
[32m2025-06-19 18:07:05 +0530[0m - dagster - [34mDEBUG[0m - materialize_dbt_models - afdf8c5b-73a0-4b2f-ac1a-b8e9df3f4994 - 194668 - bike_share_dbt_assets - ASSET_MATERIALIZATION - Materialized value dim_stations.
[32m2025-06-19 18:07:05 +0530[0m - dagster - [34mDEBUG[0m - materialize_dbt_models - afdf8c5b-73a0-4b2f-ac1a-b8e9df3f4994 - 194668 - bike_share_dbt_assets - HANDLED_OUTPUT - Handled output "dim_stations" using IO manager "io_manager"
[32m2025-06-19 18:07:05 +0530[0m - dagster - [34mDEBUG[0m - materialize_dbt_models - afdf8c5b-73a0-4b2f-ac1a-b8e9df3f4994 - 194668 - bike_share_dbt_assets - ASSET_OBSERVATION - DagsterEventType.ASSET_OBSERVATION for step bike_share_dbt_assets
[32m2025-06-19 18:07:06 +0530[0m - dagster - [34mDEBUG[0m - materialize_dbt_models - afdf8c5b-73a0-4b2f-ac1a-b8e9df3f4994 - 194668 - bike_share_dbt_assets - ASSET_OBSERVATION - DagsterEventType.ASSET_OBSERVATION for step bike_share_dbt_assets
[32m2025-06-19 18:07:06 +0530[0m - dagster - [34mDEBUG[0m - materialize_dbt_models - afdf8c5b-73a0-4b2f-ac1a-b8e9df3f4994 - 194668 - bike_share_dbt_assets - ASSET_OBSERVATION - DagsterEventType.ASSET_OBSERVATION for step bike_share_dbt_assets
[32m2025-06-19 18:07:06 +0530[0m - dagster - [34mDEBUG[0m - materialize_dbt_models - afdf8c5b-73a0-4b2f-ac1a-b8e9df3f4994 - 194668 - bike_share_dbt_assets - ASSET_OBSERVATION - DagsterEventType.ASSET_OBSERVATION for step bike_share_dbt_assets
[32m2025-06-19 18:07:06 +0530[0m - dagster - [34mDEBUG[0m - materialize_dbt_models - afdf8c5b-73a0-4b2f-ac1a-b8e9df3f4994 - 194668 - bike_share_dbt_assets - ASSET_OBSERVATION - DagsterEventType.ASSET_OBSERVATION for step bike_share_dbt_assets
[32m2025-06-19 18:07:06 +0530[0m - dagster - [34mDEBUG[0m - materialize_dbt_models - afdf8c5b-73a0-4b2f-ac1a-b8e9df3f4994 - 194668 - bike_share_dbt_assets - ASSET_OBSERVATION - DagsterEventType.ASSET_OBSERVATION for step bike_share_dbt_assets
[32m2025-06-19 18:07:06 +0530[0m - dagster - [34mDEBUG[0m - materialize_dbt_models - afdf8c5b-73a0-4b2f-ac1a-b8e9df3f4994 - 194668 - bike_share_dbt_assets - ASSET_OBSERVATION - DagsterEventType.ASSET_OBSERVATION for step bike_share_dbt_assets
[32m2025-06-19 18:07:06 +0530[0m - dagster - [34mDEBUG[0m - materialize_dbt_models - afdf8c5b-73a0-4b2f-ac1a-b8e9df3f4994 - 194668 - bike_share_dbt_assets - ASSET_OBSERVATION - DagsterEventType.ASSET_OBSERVATION for step bike_share_dbt_assets
[32m2025-06-19 18:07:06 +0530[0m - dagster - [34mDEBUG[0m - materialize_dbt_models - afdf8c5b-73a0-4b2f-ac1a-b8e9df3f4994 - 194668 - bike_share_dbt_assets - ASSET_OBSERVATION - DagsterEventType.ASSET_OBSERVATION for step bike_share_dbt_assets
[32m2025-06-19 18:07:06 +0530[0m - dagster - [34mDEBUG[0m - materialize_dbt_models - afdf8c5b-73a0-4b2f-ac1a-b8e9df3f4994 - 194668 - bike_share_dbt_assets - ASSET_OBSERVATION - DagsterEventType.ASSET_OBSERVATION for step bike_share_dbt_assets
[32m2025-06-19 18:07:06 +0530[0m - dagster - [34mDEBUG[0m - materialize_dbt_models - afdf8c5b-73a0-4b2f-ac1a-b8e9df3f4994 - 194668 - bike_share_dbt_assets - ASSET_OBSERVATION - DagsterEventType.ASSET_OBSERVATION for step bike_share_dbt_assets
[32m2025-06-19 18:07:06 +0530[0m - dagster - [34mDEBUG[0m - materialize_dbt_models - afdf8c5b-73a0-4b2f-ac1a-b8e9df3f4994 - 194668 - bike_share_dbt_assets - ASSET_OBSERVATION - DagsterEventType.ASSET_OBSERVATION for step bike_share_dbt_assets
[32m2025-06-19 18:07:06 +0530[0m - dagster - [34mDEBUG[0m - materialize_dbt_models - afdf8c5b-73a0-4b2f-ac1a-b8e9df3f4994 - 194668 - bike_share_dbt_assets - ASSET_OBSERVATION - DagsterEventType.ASSET_OBSERVATION for step bike_share_dbt_assets
[32m2025-06-19 18:07:06 +0530[0m - dagster - [34mDEBUG[0m - materialize_dbt_models - afdf8c5b-73a0-4b2f-ac1a-b8e9df3f4994 - 194668 - bike_share_dbt_assets - ASSET_OBSERVATION - DagsterEventType.ASSET_OBSERVATION for step bike_share_dbt_assets
[32m2025-06-19 18:07:06 +0530[0m - dagster - [34mDEBUG[0m - materialize_dbt_models - afdf8c5b-73a0-4b2f-ac1a-b8e9df3f4994 - 194668 - bike_share_dbt_assets - ASSET_OBSERVATION - DagsterEventType.ASSET_OBSERVATION for step bike_share_dbt_assets
[32m2025-06-19 18:07:07 +0530[0m - dagster - [34mDEBUG[0m - materialize_dbt_models - afdf8c5b-73a0-4b2f-ac1a-b8e9df3f4994 - 194668 - bike_share_dbt_assets - ASSET_OBSERVATION - DagsterEventType.ASSET_OBSERVATION for step bike_share_dbt_assets
[32m2025-06-19 18:07:07 +0530[0m - dagster - [34mDEBUG[0m - materialize_dbt_models - afdf8c5b-73a0-4b2f-ac1a-b8e9df3f4994 - 194668 - bike_share_dbt_assets - ASSET_OBSERVATION - DagsterEventType.ASSET_OBSERVATION for step bike_share_dbt_assets
[32m2025-06-19 18:07:07 +0530[0m - dagster - [34mDEBUG[0m - materialize_dbt_models - afdf8c5b-73a0-4b2f-ac1a-b8e9df3f4994 - 194668 - bike_share_dbt_assets - ASSET_OBSERVATION - DagsterEventType.ASSET_OBSERVATION for step bike_share_dbt_assets
[32m2025-06-19 18:07:07 +0530[0m - dagster - [34mDEBUG[0m - materialize_dbt_models - afdf8c5b-73a0-4b2f-ac1a-b8e9df3f4994 - 194668 - bike_share_dbt_assets - ASSET_OBSERVATION - DagsterEventType.ASSET_OBSERVATION for step bike_share_dbt_assets
[32m2025-06-19 18:07:07 +0530[0m - dagster - [34mDEBUG[0m - materialize_dbt_models - afdf8c5b-73a0-4b2f-ac1a-b8e9df3f4994 - 194668 - bike_share_dbt_assets - ASSET_OBSERVATION - DagsterEventType.ASSET_OBSERVATION for step bike_share_dbt_assets
[32m2025-06-19 18:07:07 +0530[0m - dagster - [34mDEBUG[0m - materialize_dbt_models - afdf8c5b-73a0-4b2f-ac1a-b8e9df3f4994 - 194668 - bike_share_dbt_assets - ASSET_OBSERVATION - DagsterEventType.ASSET_OBSERVATION for step bike_share_dbt_assets
[32m2025-06-19 18:07:07 +0530[0m - dagster - [34mDEBUG[0m - materialize_dbt_models - afdf8c5b-73a0-4b2f-ac1a-b8e9df3f4994 - 194668 - bike_share_dbt_assets - ASSET_OBSERVATION - DagsterEventType.ASSET_OBSERVATION for step bike_share_dbt_assets
[32m2025-06-19 18:07:07 +0530[0m - dagster - [34mDEBUG[0m - materialize_dbt_models - afdf8c5b-73a0-4b2f-ac1a-b8e9df3f4994 - 194668 - bike_share_dbt_assets - ASSET_OBSERVATION - DagsterEventType.ASSET_OBSERVATION for step bike_share_dbt_assets
[32m2025-06-19 18:07:07 +0530[0m - dagster - [34mDEBUG[0m - materialize_dbt_models - afdf8c5b-73a0-4b2f-ac1a-b8e9df3f4994 - 194668 - bike_share_dbt_assets - ASSET_OBSERVATION - DagsterEventType.ASSET_OBSERVATION for step bike_share_dbt_assets
[32m2025-06-19 18:07:07 +0530[0m - dagster - [34mDEBUG[0m - materialize_dbt_models - afdf8c5b-73a0-4b2f-ac1a-b8e9df3f4994 - 194668 - bike_share_dbt_assets - ASSET_OBSERVATION - DagsterEventType.ASSET_OBSERVATION for step bike_share_dbt_assets
[32m2025-06-19 18:07:07 +0530[0m - dagster - [34mDEBUG[0m - materialize_dbt_models - afdf8c5b-73a0-4b2f-ac1a-b8e9df3f4994 - 194668 - bike_share_dbt_assets - ASSET_OBSERVATION - DagsterEventType.ASSET_OBSERVATION for step bike_share_dbt_assets
[32m2025-06-19 18:07:07 +0530[0m - dagster - [34mDEBUG[0m - materialize_dbt_models - afdf8c5b-73a0-4b2f-ac1a-b8e9df3f4994 - 194668 - bike_share_dbt_assets - ASSET_OBSERVATION - DagsterEventType.ASSET_OBSERVATION for step bike_share_dbt_assets
[32m2025-06-19 18:07:07 +0530[0m - dagster - [34mDEBUG[0m - materialize_dbt_models - afdf8c5b-73a0-4b2f-ac1a-b8e9df3f4994 - 194668 - bike_share_dbt_assets - ASSET_OBSERVATION - DagsterEventType.ASSET_OBSERVATION for step bike_share_dbt_assets
[32m2025-06-19 18:07:07 +0530[0m - dagster - [34mDEBUG[0m - materialize_dbt_models - afdf8c5b-73a0-4b2f-ac1a-b8e9df3f4994 - 194668 - bike_share_dbt_assets - ASSET_OBSERVATION - DagsterEventType.ASSET_OBSERVATION for step bike_share_dbt_assets
[32m2025-06-19 18:07:08 +0530[0m - dagster - [34mDEBUG[0m - materialize_dbt_models - afdf8c5b-73a0-4b2f-ac1a-b8e9df3f4994 - 194668 - bike_share_dbt_assets - ASSET_OBSERVATION - DagsterEventType.ASSET_OBSERVATION for step bike_share_dbt_assets
[32m2025-06-19 18:07:08 +0530[0m - dagster - [34mDEBUG[0m - materialize_dbt_models - afdf8c5b-73a0-4b2f-ac1a-b8e9df3f4994 - 194668 - bike_share_dbt_assets - ASSET_OBSERVATION - DagsterEventType.ASSET_OBSERVATION for step bike_share_dbt_assets
[32m2025-06-19 18:07:08 +0530[0m - dagster - [34mDEBUG[0m - materialize_dbt_models - afdf8c5b-73a0-4b2f-ac1a-b8e9df3f4994 - 194668 - bike_share_dbt_assets - ASSET_OBSERVATION - DagsterEventType.ASSET_OBSERVATION for step bike_share_dbt_assets
[32m2025-06-19 18:07:08 +0530[0m - dagster - [34mDEBUG[0m - materialize_dbt_models - afdf8c5b-73a0-4b2f-ac1a-b8e9df3f4994 - 194668 - bike_share_dbt_assets - ASSET_OBSERVATION - DagsterEventType.ASSET_OBSERVATION for step bike_share_dbt_assets
[32m2025-06-19 18:07:08 +0530[0m - dagster - [34mDEBUG[0m - materialize_dbt_models - afdf8c5b-73a0-4b2f-ac1a-b8e9df3f4994 - 194668 - bike_share_dbt_assets - ASSET_OBSERVATION - DagsterEventType.ASSET_OBSERVATION for step bike_share_dbt_assets
[32m2025-06-19 18:07:08 +0530[0m - dagster - [34mDEBUG[0m - materialize_dbt_models - afdf8c5b-73a0-4b2f-ac1a-b8e9df3f4994 - 194668 - bike_share_dbt_assets - ASSET_OBSERVATION - DagsterEventType.ASSET_OBSERVATION for step bike_share_dbt_assets
[32m2025-06-19 18:07:08 +0530[0m - dagster - [34mDEBUG[0m - materialize_dbt_models - afdf8c5b-73a0-4b2f-ac1a-b8e9df3f4994 - 194668 - bike_share_dbt_assets - ASSET_OBSERVATION - DagsterEventType.ASSET_OBSERVATION for step bike_share_dbt_assets
[32m2025-06-19 18:07:08 +0530[0m - dagster - [34mDEBUG[0m - materialize_dbt_models - afdf8c5b-73a0-4b2f-ac1a-b8e9df3f4994 - 194668 - bike_share_dbt_assets - ASSET_OBSERVATION - DagsterEventType.ASSET_OBSERVATION for step bike_share_dbt_assets
[32m2025-06-19 18:07:08 +0530[0m - dagster - [34mDEBUG[0m - materialize_dbt_models - afdf8c5b-73a0-4b2f-ac1a-b8e9df3f4994 - 194668 - bike_share_dbt_assets - ASSET_OBSERVATION - DagsterEventType.ASSET_OBSERVATION for step bike_share_dbt_assets
[32m2025-06-19 18:07:09 +0530[0m - dagster - [34mDEBUG[0m - materialize_dbt_models - afdf8c5b-73a0-4b2f-ac1a-b8e9df3f4994 - 194668 - bike_share_dbt_assets - STEP_OUTPUT - Yielded output "dim_users" of type "Nothing". (Type check passed).
[32m2025-06-19 18:07:09 +0530[0m - dagster - [34mDEBUG[0m - materialize_dbt_models - afdf8c5b-73a0-4b2f-ac1a-b8e9df3f4994 - 194668 - bike_share_dbt_assets - ASSET_MATERIALIZATION - Materialized value dim_users.
[32m2025-06-19 18:07:09 +0530[0m - dagster - [34mDEBUG[0m - materialize_dbt_models - afdf8c5b-73a0-4b2f-ac1a-b8e9df3f4994 - 194668 - bike_share_dbt_assets - HANDLED_OUTPUT - Handled output "dim_users" using IO manager "io_manager"
[32m2025-06-19 18:07:09 +0530[0m - dagster - [34mDEBUG[0m - materialize_dbt_models - afdf8c5b-73a0-4b2f-ac1a-b8e9df3f4994 - 194668 - bike_share_dbt_assets - ASSET_OBSERVATION - DagsterEventType.ASSET_OBSERVATION for step bike_share_dbt_assets
[32m2025-06-19 18:07:09 +0530[0m - dagster - [34mDEBUG[0m - materialize_dbt_models - afdf8c5b-73a0-4b2f-ac1a-b8e9df3f4994 - 194668 - bike_share_dbt_assets - ASSET_OBSERVATION - DagsterEventType.ASSET_OBSERVATION for step bike_share_dbt_assets
[32m2025-06-19 18:07:09 +0530[0m - dagster - [34mDEBUG[0m - materialize_dbt_models - afdf8c5b-73a0-4b2f-ac1a-b8e9df3f4994 - 194668 - bike_share_dbt_assets - ASSET_OBSERVATION - DagsterEventType.ASSET_OBSERVATION for step bike_share_dbt_assets
[32m2025-06-19 18:07:09 +0530[0m - dagster - [34mDEBUG[0m - materialize_dbt_models - afdf8c5b-73a0-4b2f-ac1a-b8e9df3f4994 - 194668 - bike_share_dbt_assets - ASSET_OBSERVATION - DagsterEventType.ASSET_OBSERVATION for step bike_share_dbt_assets
[32m2025-06-19 18:07:09 +0530[0m - dagster - [34mDEBUG[0m - materialize_dbt_models - afdf8c5b-73a0-4b2f-ac1a-b8e9df3f4994 - 194668 - bike_share_dbt_assets - ASSET_OBSERVATION - DagsterEventType.ASSET_OBSERVATION for step bike_share_dbt_assets
[32m2025-06-19 18:07:09 +0530[0m - dagster - [34mDEBUG[0m - materialize_dbt_models - afdf8c5b-73a0-4b2f-ac1a-b8e9df3f4994 - 194668 - bike_share_dbt_assets - ASSET_OBSERVATION - DagsterEventType.ASSET_OBSERVATION for step bike_share_dbt_assets
[32m2025-06-19 18:07:09 +0530[0m - dagster - [34mDEBUG[0m - materialize_dbt_models - afdf8c5b-73a0-4b2f-ac1a-b8e9df3f4994 - 194668 - bike_share_dbt_assets - ASSET_OBSERVATION - DagsterEventType.ASSET_OBSERVATION for step bike_share_dbt_assets
[32m2025-06-19 18:07:10 +0530[0m - dagster - [34mDEBUG[0m - materialize_dbt_models - afdf8c5b-73a0-4b2f-ac1a-b8e9df3f4994 - 194668 - bike_share_dbt_assets - ASSET_OBSERVATION - DagsterEventType.ASSET_OBSERVATION for step bike_share_dbt_assets
[32m2025-06-19 18:07:10 +0530[0m - dagster - [34mDEBUG[0m - materialize_dbt_models - afdf8c5b-73a0-4b2f-ac1a-b8e9df3f4994 - 194668 - bike_share_dbt_assets - ASSET_OBSERVATION - DagsterEventType.ASSET_OBSERVATION for step bike_share_dbt_assets
[32m2025-06-19 18:07:10 +0530[0m - dagster - [34mDEBUG[0m - materialize_dbt_models - afdf8c5b-73a0-4b2f-ac1a-b8e9df3f4994 - 194668 - bike_share_dbt_assets - ASSET_OBSERVATION - DagsterEventType.ASSET_OBSERVATION for step bike_share_dbt_assets
[32m2025-06-19 18:08:29 +0530[0m - dagster - [34mDEBUG[0m - materialize_dbt_models - afdf8c5b-73a0-4b2f-ac1a-b8e9df3f4994 - 194668 - bike_share_dbt_assets - STEP_OUTPUT - Yielded output "fact_rides_summary" of type "Nothing". (Type check passed).
[32m2025-06-19 18:08:29 +0530[0m - dagster - [34mDEBUG[0m - materialize_dbt_models - afdf8c5b-73a0-4b2f-ac1a-b8e9df3f4994 - 194668 - bike_share_dbt_assets - ASSET_MATERIALIZATION - Materialized value fact_rides_summary.
[32m2025-06-19 18:08:29 +0530[0m - dagster - [34mDEBUG[0m - materialize_dbt_models - afdf8c5b-73a0-4b2f-ac1a-b8e9df3f4994 - 194668 - bike_share_dbt_assets - HANDLED_OUTPUT - Handled output "fact_rides_summary" using IO manager "io_manager"
[32m2025-06-19 18:08:29 +0530[0m - dagster - [34mDEBUG[0m - materialize_dbt_models - afdf8c5b-73a0-4b2f-ac1a-b8e9df3f4994 - 194668 - bike_share_dbt_assets - ASSET_OBSERVATION - DagsterEventType.ASSET_OBSERVATION for step bike_share_dbt_assets
[32m2025-06-19 18:08:29 +0530[0m - dagster - [34mDEBUG[0m - materialize_dbt_models - afdf8c5b-73a0-4b2f-ac1a-b8e9df3f4994 - 194668 - bike_share_dbt_assets - ASSET_OBSERVATION - DagsterEventType.ASSET_OBSERVATION for step bike_share_dbt_assets
[32m2025-06-19 18:08:30 +0530[0m - dagster - [34mDEBUG[0m - materialize_dbt_models - afdf8c5b-73a0-4b2f-ac1a-b8e9df3f4994 - 194668 - bike_share_dbt_assets - ASSET_OBSERVATION - DagsterEventType.ASSET_OBSERVATION for step bike_share_dbt_assets
[32m2025-06-19 18:08:30 +0530[0m - dagster - [34mDEBUG[0m - materialize_dbt_models - afdf8c5b-73a0-4b2f-ac1a-b8e9df3f4994 - 194668 - bike_share_dbt_assets - ASSET_OBSERVATION - DagsterEventType.ASSET_OBSERVATION for step bike_share_dbt_assets
[32m2025-06-19 18:08:30 +0530[0m - dagster - [34mDEBUG[0m - materialize_dbt_models - afdf8c5b-73a0-4b2f-ac1a-b8e9df3f4994 - 194668 - bike_share_dbt_assets - ASSET_OBSERVATION - DagsterEventType.ASSET_OBSERVATION for step bike_share_dbt_assets
[32m2025-06-19 18:08:30 +0530[0m - dagster - [34mDEBUG[0m - materialize_dbt_models - afdf8c5b-73a0-4b2f-ac1a-b8e9df3f4994 - 194668 - bike_share_dbt_assets - ASSET_OBSERVATION - DagsterEventType.ASSET_OBSERVATION for step bike_share_dbt_assets
[32m2025-06-19 18:08:40 +0530[0m - dagster - [34mDEBUG[0m - materialize_dbt_models - afdf8c5b-73a0-4b2f-ac1a-b8e9df3f4994 - 194668 - bike_share_dbt_assets - ASSET_OBSERVATION - DagsterEventType.ASSET_OBSERVATION for step bike_share_dbt_assets
[32m2025-06-19 18:08:40 +0530[0m - dagster - [34mDEBUG[0m - materialize_dbt_models - afdf8c5b-73a0-4b2f-ac1a-b8e9df3f4994 - 194668 - bike_share_dbt_assets - ASSET_OBSERVATION - DagsterEventType.ASSET_OBSERVATION for step bike_share_dbt_assets
[32m2025-06-19 18:08:41 +0530[0m - dagster - [34mDEBUG[0m - materialize_dbt_models - afdf8c5b-73a0-4b2f-ac1a-b8e9df3f4994 - 194668 - bike_share_dbt_assets - ASSET_OBSERVATION - DagsterEventType.ASSET_OBSERVATION for step bike_share_dbt_assets
[32m2025-06-19 18:08:41 +0530[0m - dagster - [34mDEBUG[0m - materialize_dbt_models - afdf8c5b-73a0-4b2f-ac1a-b8e9df3f4994 - 194668 - bike_share_dbt_assets - ASSET_OBSERVATION - DagsterEventType.ASSET_OBSERVATION for step bike_share_dbt_assets
[32m2025-06-19 18:08:43 +0530[0m - dagster - [34mDEBUG[0m - materialize_dbt_models - afdf8c5b-73a0-4b2f-ac1a-b8e9df3f4994 - 194668 - bike_share_dbt_assets - ASSET_OBSERVATION - DagsterEventType.ASSET_OBSERVATION for step bike_share_dbt_assets
[32m2025-06-19 18:08:43 +0530[0m - dagster - [34mDEBUG[0m - materialize_dbt_models - afdf8c5b-73a0-4b2f-ac1a-b8e9df3f4994 - 194668 - bike_share_dbt_assets - ASSET_OBSERVATION - DagsterEventType.ASSET_OBSERVATION for step bike_share_dbt_assets
[32m2025-06-19 18:08:44 +0530[0m - dagster - [34mDEBUG[0m - materialize_dbt_models - afdf8c5b-73a0-4b2f-ac1a-b8e9df3f4994 - 194668 - bike_share_dbt_assets - ASSET_OBSERVATION - DagsterEventType.ASSET_OBSERVATION for step bike_share_dbt_assets
[32m2025-06-19 18:08:44 +0530[0m - dagster - [34mDEBUG[0m - materialize_dbt_models - afdf8c5b-73a0-4b2f-ac1a-b8e9df3f4994 - 194668 - bike_share_dbt_assets - ASSET_OBSERVATION - DagsterEventType.ASSET_OBSERVATION for step bike_share_dbt_assets
[32m2025-06-19 18:08:46 +0530[0m - dagster - [34mDEBUG[0m - materialize_dbt_models - afdf8c5b-73a0-4b2f-ac1a-b8e9df3f4994 - 194668 - bike_share_dbt_assets - ASSET_OBSERVATION - DagsterEventType.ASSET_OBSERVATION for step bike_share_dbt_assets
[32m2025-06-19 18:08:46 +0530[0m - dagster - [34mDEBUG[0m - materialize_dbt_models - afdf8c5b-73a0-4b2f-ac1a-b8e9df3f4994 - 194668 - bike_share_dbt_assets - ASSET_OBSERVATION - DagsterEventType.ASSET_OBSERVATION for step bike_share_dbt_assets
[32m2025-06-19 18:08:52 +0530[0m - dagster - [34mINFO[0m - materialize_dbt_models - afdf8c5b-73a0-4b2f-ac1a-b8e9df3f4994 - bike_share_dbt_assets - op 'bike_share_dbt_assets' did not fire outputs {'calculate_age'}
[32m2025-06-19 18:08:52 +0530[0m - dagster - [34mDEBUG[0m - materialize_dbt_models - afdf8c5b-73a0-4b2f-ac1a-b8e9df3f4994 - 194668 - bike_share_dbt_assets - STEP_SUCCESS - Finished execution of step "bike_share_dbt_assets" in 2m16s.
