[32m2025-06-18 22:23:57 +0530[0m - dagster - [34mDEBUG[0m - __ASSET_JOB - b653d162-0704-4c15-bfe9-ece88aed554b - 258668 - LOGS_CAPTURED - Started capturing logs in process (pid: 258668).
[32m2025-06-18 22:23:57 +0530[0m - dagster - [34mDEBUG[0m - __ASSET_JOB - b653d162-0704-4c15-bfe9-ece88aed554b - 258668 - run_dbt - STEP_START - Started execution of step "run_dbt".
[32m2025-06-18 22:23:58 +0530[0m - dagster - [34mDEBUG[0m - __ASSET_JOB - b653d162-0704-4c15-bfe9-ece88aed554b - run_dbt - Loading file from: C:\Users\Parth Suyal\Desktop\bike_share_analysis\dagster_home\storage\raw_rides using PickledObjectFilesystemIOManager...
[32m2025-06-18 22:23:58 +0530[0m - dagster - [34mDEBUG[0m - __ASSET_JOB - b653d162-0704-4c15-bfe9-ece88aed554b - 258668 - run_dbt - ASSET_OBSERVATION - DagsterEventType.ASSET_OBSERVATION for step run_dbt
[32m2025-06-18 22:23:58 +0530[0m - dagster - [34mDEBUG[0m - __ASSET_JOB - b653d162-0704-4c15-bfe9-ece88aed554b - 258668 - run_dbt - LOADED_INPUT - Loaded input "raw_rides" using input manager "io_manager", from output "result" of step "raw_rides"
[32m2025-06-18 22:23:58 +0530[0m - dagster - [34mDEBUG[0m - __ASSET_JOB - b653d162-0704-4c15-bfe9-ece88aed554b - 258668 - run_dbt - STEP_INPUT - Got input "raw_rides" of type "Any". (Type check passed).
[32m2025-06-18 22:23:58 +0530[0m - dagster - [34mERROR[0m - [31m__ASSET_JOB - b653d162-0704-4c15-bfe9-ece88aed554b - 258668 - run_dbt - STEP_FAILURE - Execution of step "run_dbt" failed.

dagster._core.errors.DagsterInvariantViolationError: Expected to find dbt manifest metadata on asset run_dbt, but did not. Did you pass in assets that weren't generated by load_assets_from_dbt_project, load_assets_from_dbt_manifest, or @dbt_assets?

Stack Trace:
  File "C:\Users\Parth Suyal\Desktop\bike_share_analysis\venv\Lib\site-packages\dagster\_core\execution\plan\execute_plan.py", line 273, in dagster_event_sequence_for_step
    for step_event in check.generator(step_events):
  File "C:\Users\Parth Suyal\Desktop\bike_share_analysis\venv\Lib\site-packages\dagster\_core\execution\plan\execute_step.py", line 369, in core_dagster_event_sequence_for_step
    for user_event in check.generator(
  File "C:\Users\Parth Suyal\Desktop\bike_share_analysis\venv\Lib\site-packages\dagster\_core\execution\plan\execute_step.py", line 90, in _step_output_error_checked_user_event_sequence
    for user_event in user_event_sequence:
  File "C:\Users\Parth Suyal\Desktop\bike_share_analysis\venv\Lib\site-packages\dagster\_core\execution\plan\compute.py", line 192, in execute_core_compute
    for step_output in _yield_compute_results(step_context, inputs, compute_fn):
  File "C:\Users\Parth Suyal\Desktop\bike_share_analysis\venv\Lib\site-packages\dagster\_core\execution\plan\compute.py", line 161, in _yield_compute_results
    for event in iterate_with_context(
  File "C:\Users\Parth Suyal\Desktop\bike_share_analysis\venv\Lib\site-packages\dagster\_utils\__init__.py", line 445, in iterate_with_context
    next_output = next(iterator)
                  ^^^^^^^^^^^^^^
  File "C:\Users\Parth Suyal\Desktop\bike_share_analysis\venv\Lib\site-packages\dagster\_core\execution\plan\compute_generator.py", line 124, in _coerce_op_compute_fn_to_iterator
    result = invoke_compute_fn(
             ^^^^^^^^^^^^^^^^^^
  File "C:\Users\Parth Suyal\Desktop\bike_share_analysis\venv\Lib\site-packages\dagster\_core\execution\plan\compute_generator.py", line 118, in invoke_compute_fn
    return fn(context, **args_to_pass) if context_arg_provided else fn(**args_to_pass)
           ^^^^^^^^^^^^^^^^^^^^^^^^^^^
  File "C:\Users\Parth Suyal\Desktop\bike_share_analysis\dagster_bike_share\assets\ingestion.py", line 44, in run_dbt
    result = dbt.cli(["run"], context=context).wait()
             ^^^^^^^^^^^^^^^^^^^^^^^^^^^^^^^^^
  File "C:\Users\Parth Suyal\Desktop\bike_share_analysis\venv\Lib\site-packages\dagster_dbt\core\resources_v2.py", line 474, in cli
    manifest, dagster_dbt_translator = get_manifest_and_translator_from_dbt_assets(
                                       ^^^^^^^^^^^^^^^^^^^^^^^^^^^^^^^^^^^^^^^^^^^^
  File "C:\Users\Parth Suyal\Desktop\bike_share_analysis\venv\Lib\site-packages\dagster_dbt\asset_utils.py", line 295, in get_manifest_and_translator_from_dbt_assets
    raise DagsterInvariantViolationError(
[0m
