[32m2025-06-19 18:01:53 +0530[0m - dagster - [34mDEBUG[0m - materialize_dbt_models - abaee9e3-8c4d-4184-97c6-285ad72186f7 - 226644 - LOGS_CAPTURED - Started capturing logs in process (pid: 226644).
[32m2025-06-19 18:01:53 +0530[0m - dagster - [34mDEBUG[0m - materialize_dbt_models - abaee9e3-8c4d-4184-97c6-285ad72186f7 - 226644 - bike_share_dbt_assets - STEP_START - Started execution of step "bike_share_dbt_assets".
[32m2025-06-19 18:01:54 +0530[0m - dagster - [34mINFO[0m - materialize_dbt_models - abaee9e3-8c4d-4184-97c6-285ad72186f7 - bike_share_dbt_assets - A dbt subsetted execution is not being performed. Using the default dbt selection arguments `['--select', 'fqn:*']`.
INFO:dagster.builtin:materialize_dbt_models - abaee9e3-8c4d-4184-97c6-285ad72186f7 - bike_share_dbt_assets - A dbt subsetted execution is not being performed. Using the default dbt selection arguments `['--select', 'fqn:*']`.
[32m2025-06-19 18:01:54 +0530[0m - dagster - [34mINFO[0m - materialize_dbt_models - abaee9e3-8c4d-4184-97c6-285ad72186f7 - bike_share_dbt_assets - Copying `C:\Users\Parth Suyal\Desktop\bike_share_analysis\dbt_bike_share\target\partial_parse.msgpack` to `C:\Users\Parth Suyal\Desktop\bike_share_analysis\dbt_bike_share\target\bike_share_dbt_assets-abaee9e-1750336314\partial_parse.msgpack` to take advantage of partial parsing.
INFO:dagster.builtin:materialize_dbt_models - abaee9e3-8c4d-4184-97c6-285ad72186f7 - bike_share_dbt_assets - Copying `C:\Users\Parth Suyal\Desktop\bike_share_analysis\dbt_bike_share\target\partial_parse.msgpack` to `C:\Users\Parth Suyal\Desktop\bike_share_analysis\dbt_bike_share\target\bike_share_dbt_assets-abaee9e-1750336314\partial_parse.msgpack` to take advantage of partial parsing.
[32m2025-06-19 18:01:54 +0530[0m - dagster - [34mINFO[0m - materialize_dbt_models - abaee9e3-8c4d-4184-97c6-285ad72186f7 - bike_share_dbt_assets - Running dbt command: `dbt --profiles-dir C:\Users\Parth Suyal\Desktop\bike_share_analysis build --select fqn:*`.
INFO:dagster.builtin:materialize_dbt_models - abaee9e3-8c4d-4184-97c6-285ad72186f7 - bike_share_dbt_assets - Running dbt command: `dbt --profiles-dir C:\Users\Parth Suyal\Desktop\bike_share_analysis build --select fqn:*`.
[32m2025-06-19 18:01:58 +0530[0m - dagster - [34mDEBUG[0m - materialize_dbt_models - abaee9e3-8c4d-4184-97c6-285ad72186f7 - 226644 - bike_share_dbt_assets - STEP_OUTPUT - Yielded output "stg_rides" of type "Nothing". (Type check passed).
[32m2025-06-19 18:01:58 +0530[0m - dagster - [34mDEBUG[0m - materialize_dbt_models - abaee9e3-8c4d-4184-97c6-285ad72186f7 - 226644 - bike_share_dbt_assets - ASSET_MATERIALIZATION - Materialized value stg_rides.
[32m2025-06-19 18:01:58 +0530[0m - dagster - [34mDEBUG[0m - materialize_dbt_models - abaee9e3-8c4d-4184-97c6-285ad72186f7 - 226644 - bike_share_dbt_assets - HANDLED_OUTPUT - Handled output "stg_rides" using IO manager "io_manager"
[32m2025-06-19 18:01:58 +0530[0m - dagster - [34mDEBUG[0m - materialize_dbt_models - abaee9e3-8c4d-4184-97c6-285ad72186f7 - 226644 - bike_share_dbt_assets - STEP_OUTPUT - Yielded output "stg_stations" of type "Nothing". (Type check passed).
[32m2025-06-19 18:01:59 +0530[0m - dagster - [34mDEBUG[0m - materialize_dbt_models - abaee9e3-8c4d-4184-97c6-285ad72186f7 - 226644 - bike_share_dbt_assets - ASSET_MATERIALIZATION - Materialized value stg_stations.
[32m2025-06-19 18:01:59 +0530[0m - dagster - [34mDEBUG[0m - materialize_dbt_models - abaee9e3-8c4d-4184-97c6-285ad72186f7 - 226644 - bike_share_dbt_assets - HANDLED_OUTPUT - Handled output "stg_stations" using IO manager "io_manager"
[32m2025-06-19 18:01:59 +0530[0m - dagster - [34mDEBUG[0m - materialize_dbt_models - abaee9e3-8c4d-4184-97c6-285ad72186f7 - 226644 - bike_share_dbt_assets - STEP_OUTPUT - Yielded output "stg_users" of type "Nothing". (Type check passed).
[32m2025-06-19 18:01:59 +0530[0m - dagster - [34mDEBUG[0m - materialize_dbt_models - abaee9e3-8c4d-4184-97c6-285ad72186f7 - 226644 - bike_share_dbt_assets - ASSET_MATERIALIZATION - Materialized value stg_users.
[32m2025-06-19 18:01:59 +0530[0m - dagster - [34mDEBUG[0m - materialize_dbt_models - abaee9e3-8c4d-4184-97c6-285ad72186f7 - 226644 - bike_share_dbt_assets - HANDLED_OUTPUT - Handled output "stg_users" using IO manager "io_manager"
[32m2025-06-19 18:01:59 +0530[0m - dagster - [34mDEBUG[0m - materialize_dbt_models - abaee9e3-8c4d-4184-97c6-285ad72186f7 - 226644 - bike_share_dbt_assets - ASSET_OBSERVATION - DagsterEventType.ASSET_OBSERVATION for step bike_share_dbt_assets
[32m2025-06-19 18:01:59 +0530[0m - dagster - [34mDEBUG[0m - materialize_dbt_models - abaee9e3-8c4d-4184-97c6-285ad72186f7 - 226644 - bike_share_dbt_assets - ASSET_OBSERVATION - DagsterEventType.ASSET_OBSERVATION for step bike_share_dbt_assets
[32m2025-06-19 18:01:59 +0530[0m - dagster - [34mDEBUG[0m - materialize_dbt_models - abaee9e3-8c4d-4184-97c6-285ad72186f7 - 226644 - bike_share_dbt_assets - ASSET_OBSERVATION - DagsterEventType.ASSET_OBSERVATION for step bike_share_dbt_assets
[32m2025-06-19 18:01:59 +0530[0m - dagster - [34mDEBUG[0m - materialize_dbt_models - abaee9e3-8c4d-4184-97c6-285ad72186f7 - 226644 - bike_share_dbt_assets - ASSET_OBSERVATION - DagsterEventType.ASSET_OBSERVATION for step bike_share_dbt_assets
[32m2025-06-19 18:01:59 +0530[0m - dagster - [34mDEBUG[0m - materialize_dbt_models - abaee9e3-8c4d-4184-97c6-285ad72186f7 - 226644 - bike_share_dbt_assets - ASSET_OBSERVATION - DagsterEventType.ASSET_OBSERVATION for step bike_share_dbt_assets
[32m2025-06-19 18:01:59 +0530[0m - dagster - [34mDEBUG[0m - materialize_dbt_models - abaee9e3-8c4d-4184-97c6-285ad72186f7 - 226644 - bike_share_dbt_assets - ASSET_OBSERVATION - DagsterEventType.ASSET_OBSERVATION for step bike_share_dbt_assets
[32m2025-06-19 18:02:00 +0530[0m - dagster - [34mDEBUG[0m - materialize_dbt_models - abaee9e3-8c4d-4184-97c6-285ad72186f7 - 226644 - bike_share_dbt_assets - ASSET_OBSERVATION - DagsterEventType.ASSET_OBSERVATION for step bike_share_dbt_assets
[32m2025-06-19 18:02:00 +0530[0m - dagster - [34mDEBUG[0m - materialize_dbt_models - abaee9e3-8c4d-4184-97c6-285ad72186f7 - 226644 - bike_share_dbt_assets - ASSET_OBSERVATION - DagsterEventType.ASSET_OBSERVATION for step bike_share_dbt_assets
[32m2025-06-19 18:02:00 +0530[0m - dagster - [34mDEBUG[0m - materialize_dbt_models - abaee9e3-8c4d-4184-97c6-285ad72186f7 - 226644 - bike_share_dbt_assets - ASSET_OBSERVATION - DagsterEventType.ASSET_OBSERVATION for step bike_share_dbt_assets
[32m2025-06-19 18:02:00 +0530[0m - dagster - [34mDEBUG[0m - materialize_dbt_models - abaee9e3-8c4d-4184-97c6-285ad72186f7 - 226644 - bike_share_dbt_assets - ASSET_OBSERVATION - DagsterEventType.ASSET_OBSERVATION for step bike_share_dbt_assets
[32m2025-06-19 18:02:00 +0530[0m - dagster - [34mDEBUG[0m - materialize_dbt_models - abaee9e3-8c4d-4184-97c6-285ad72186f7 - 226644 - bike_share_dbt_assets - ASSET_OBSERVATION - DagsterEventType.ASSET_OBSERVATION for step bike_share_dbt_assets
[32m2025-06-19 18:02:00 +0530[0m - dagster - [34mDEBUG[0m - materialize_dbt_models - abaee9e3-8c4d-4184-97c6-285ad72186f7 - 226644 - bike_share_dbt_assets - ASSET_OBSERVATION - DagsterEventType.ASSET_OBSERVATION for step bike_share_dbt_assets
[32m2025-06-19 18:02:00 +0530[0m - dagster - [34mDEBUG[0m - materialize_dbt_models - abaee9e3-8c4d-4184-97c6-285ad72186f7 - 226644 - bike_share_dbt_assets - ASSET_OBSERVATION - DagsterEventType.ASSET_OBSERVATION for step bike_share_dbt_assets
[32m2025-06-19 18:02:00 +0530[0m - dagster - [34mDEBUG[0m - materialize_dbt_models - abaee9e3-8c4d-4184-97c6-285ad72186f7 - 226644 - bike_share_dbt_assets - ASSET_OBSERVATION - DagsterEventType.ASSET_OBSERVATION for step bike_share_dbt_assets
[32m2025-06-19 18:02:00 +0530[0m - dagster - [34mDEBUG[0m - materialize_dbt_models - abaee9e3-8c4d-4184-97c6-285ad72186f7 - 226644 - bike_share_dbt_assets - ASSET_OBSERVATION - DagsterEventType.ASSET_OBSERVATION for step bike_share_dbt_assets
[32m2025-06-19 18:02:00 +0530[0m - dagster - [34mDEBUG[0m - materialize_dbt_models - abaee9e3-8c4d-4184-97c6-285ad72186f7 - 226644 - bike_share_dbt_assets - ASSET_OBSERVATION - DagsterEventType.ASSET_OBSERVATION for step bike_share_dbt_assets
[32m2025-06-19 18:02:01 +0530[0m - dagster - [34mDEBUG[0m - materialize_dbt_models - abaee9e3-8c4d-4184-97c6-285ad72186f7 - 226644 - bike_share_dbt_assets - ASSET_OBSERVATION - DagsterEventType.ASSET_OBSERVATION for step bike_share_dbt_assets
[32m2025-06-19 18:02:01 +0530[0m - dagster - [34mDEBUG[0m - materialize_dbt_models - abaee9e3-8c4d-4184-97c6-285ad72186f7 - 226644 - bike_share_dbt_assets - ASSET_OBSERVATION - DagsterEventType.ASSET_OBSERVATION for step bike_share_dbt_assets
[32m2025-06-19 18:02:01 +0530[0m - dagster - [34mDEBUG[0m - materialize_dbt_models - abaee9e3-8c4d-4184-97c6-285ad72186f7 - 226644 - bike_share_dbt_assets - ASSET_OBSERVATION - DagsterEventType.ASSET_OBSERVATION for step bike_share_dbt_assets
[32m2025-06-19 18:02:01 +0530[0m - dagster - [34mDEBUG[0m - materialize_dbt_models - abaee9e3-8c4d-4184-97c6-285ad72186f7 - 226644 - bike_share_dbt_assets - ASSET_OBSERVATION - DagsterEventType.ASSET_OBSERVATION for step bike_share_dbt_assets
[32m2025-06-19 18:02:01 +0530[0m - dagster - [34mDEBUG[0m - materialize_dbt_models - abaee9e3-8c4d-4184-97c6-285ad72186f7 - 226644 - bike_share_dbt_assets - ASSET_OBSERVATION - DagsterEventType.ASSET_OBSERVATION for step bike_share_dbt_assets
[32m2025-06-19 18:02:01 +0530[0m - dagster - [34mDEBUG[0m - materialize_dbt_models - abaee9e3-8c4d-4184-97c6-285ad72186f7 - 226644 - bike_share_dbt_assets - ASSET_OBSERVATION - DagsterEventType.ASSET_OBSERVATION for step bike_share_dbt_assets
[32m2025-06-19 18:02:01 +0530[0m - dagster - [34mDEBUG[0m - materialize_dbt_models - abaee9e3-8c4d-4184-97c6-285ad72186f7 - 226644 - bike_share_dbt_assets - ASSET_OBSERVATION - DagsterEventType.ASSET_OBSERVATION for step bike_share_dbt_assets
[32m2025-06-19 18:02:01 +0530[0m - dagster - [34mDEBUG[0m - materialize_dbt_models - abaee9e3-8c4d-4184-97c6-285ad72186f7 - 226644 - bike_share_dbt_assets - ASSET_OBSERVATION - DagsterEventType.ASSET_OBSERVATION for step bike_share_dbt_assets
[32m2025-06-19 18:02:01 +0530[0m - dagster - [34mDEBUG[0m - materialize_dbt_models - abaee9e3-8c4d-4184-97c6-285ad72186f7 - 226644 - bike_share_dbt_assets - ASSET_OBSERVATION - DagsterEventType.ASSET_OBSERVATION for step bike_share_dbt_assets
[32m2025-06-19 18:02:01 +0530[0m - dagster - [34mDEBUG[0m - materialize_dbt_models - abaee9e3-8c4d-4184-97c6-285ad72186f7 - 226644 - bike_share_dbt_assets - STEP_OUTPUT - Yielded output "int_time" of type "Nothing". (Type check passed).
[32m2025-06-19 18:02:01 +0530[0m - dagster - [34mWARNING[0m - materialize_dbt_models - abaee9e3-8c4d-4184-97c6-285ad72186f7 - bike_share_dbt_assets - Materializing unexpected asset key: AssetKey(['int_time']).
[32m2025-06-19 18:02:01 +0530[0m - dagster - [34mDEBUG[0m - materialize_dbt_models - abaee9e3-8c4d-4184-97c6-285ad72186f7 - 226644 - bike_share_dbt_assets - ASSET_MATERIALIZATION - Materialized value int_time.
[32m2025-06-19 18:02:01 +0530[0m - dagster - [34mDEBUG[0m - materialize_dbt_models - abaee9e3-8c4d-4184-97c6-285ad72186f7 - 226644 - bike_share_dbt_assets - HANDLED_OUTPUT - Handled output "int_time" using IO manager "io_manager"
[32m2025-06-19 18:02:03 +0530[0m - dagster - [34mDEBUG[0m - materialize_dbt_models - abaee9e3-8c4d-4184-97c6-285ad72186f7 - 226644 - bike_share_dbt_assets - STEP_OUTPUT - Yielded output "int_stations" of type "Nothing". (Type check passed).
[32m2025-06-19 18:02:03 +0530[0m - dagster - [34mWARNING[0m - materialize_dbt_models - abaee9e3-8c4d-4184-97c6-285ad72186f7 - bike_share_dbt_assets - Materializing unexpected asset key: AssetKey(['int_stations']).
[32m2025-06-19 18:02:03 +0530[0m - dagster - [34mDEBUG[0m - materialize_dbt_models - abaee9e3-8c4d-4184-97c6-285ad72186f7 - 226644 - bike_share_dbt_assets - ASSET_MATERIALIZATION - Materialized value int_stations.
[32m2025-06-19 18:02:03 +0530[0m - dagster - [34mDEBUG[0m - materialize_dbt_models - abaee9e3-8c4d-4184-97c6-285ad72186f7 - 226644 - bike_share_dbt_assets - HANDLED_OUTPUT - Handled output "int_stations" using IO manager "io_manager"
[32m2025-06-19 18:02:03 +0530[0m - dagster - [34mDEBUG[0m - materialize_dbt_models - abaee9e3-8c4d-4184-97c6-285ad72186f7 - 226644 - bike_share_dbt_assets - ASSET_OBSERVATION - DagsterEventType.ASSET_OBSERVATION for step bike_share_dbt_assets
[32m2025-06-19 18:02:03 +0530[0m - dagster - [34mDEBUG[0m - materialize_dbt_models - abaee9e3-8c4d-4184-97c6-285ad72186f7 - 226644 - bike_share_dbt_assets - ASSET_OBSERVATION - DagsterEventType.ASSET_OBSERVATION for step bike_share_dbt_assets
[32m2025-06-19 18:02:03 +0530[0m - dagster - [34mDEBUG[0m - materialize_dbt_models - abaee9e3-8c4d-4184-97c6-285ad72186f7 - 226644 - bike_share_dbt_assets - ASSET_OBSERVATION - DagsterEventType.ASSET_OBSERVATION for step bike_share_dbt_assets
[32m2025-06-19 18:02:03 +0530[0m - dagster - [34mDEBUG[0m - materialize_dbt_models - abaee9e3-8c4d-4184-97c6-285ad72186f7 - 226644 - bike_share_dbt_assets - ASSET_OBSERVATION - DagsterEventType.ASSET_OBSERVATION for step bike_share_dbt_assets
[32m2025-06-19 18:02:03 +0530[0m - dagster - [34mDEBUG[0m - materialize_dbt_models - abaee9e3-8c4d-4184-97c6-285ad72186f7 - 226644 - bike_share_dbt_assets - ASSET_OBSERVATION - DagsterEventType.ASSET_OBSERVATION for step bike_share_dbt_assets
[32m2025-06-19 18:02:03 +0530[0m - dagster - [34mDEBUG[0m - materialize_dbt_models - abaee9e3-8c4d-4184-97c6-285ad72186f7 - 226644 - bike_share_dbt_assets - ASSET_OBSERVATION - DagsterEventType.ASSET_OBSERVATION for step bike_share_dbt_assets
[32m2025-06-19 18:02:03 +0530[0m - dagster - [34mDEBUG[0m - materialize_dbt_models - abaee9e3-8c4d-4184-97c6-285ad72186f7 - 226644 - bike_share_dbt_assets - ASSET_OBSERVATION - DagsterEventType.ASSET_OBSERVATION for step bike_share_dbt_assets
[32m2025-06-19 18:02:03 +0530[0m - dagster - [34mDEBUG[0m - materialize_dbt_models - abaee9e3-8c4d-4184-97c6-285ad72186f7 - 226644 - bike_share_dbt_assets - ASSET_OBSERVATION - DagsterEventType.ASSET_OBSERVATION for step bike_share_dbt_assets
[32m2025-06-19 18:02:03 +0530[0m - dagster - [34mDEBUG[0m - materialize_dbt_models - abaee9e3-8c4d-4184-97c6-285ad72186f7 - 226644 - bike_share_dbt_assets - ASSET_OBSERVATION - DagsterEventType.ASSET_OBSERVATION for step bike_share_dbt_assets
[32m2025-06-19 18:02:04 +0530[0m - dagster - [34mDEBUG[0m - materialize_dbt_models - abaee9e3-8c4d-4184-97c6-285ad72186f7 - 226644 - bike_share_dbt_assets - ASSET_OBSERVATION - DagsterEventType.ASSET_OBSERVATION for step bike_share_dbt_assets
[32m2025-06-19 18:02:04 +0530[0m - dagster - [34mDEBUG[0m - materialize_dbt_models - abaee9e3-8c4d-4184-97c6-285ad72186f7 - 226644 - bike_share_dbt_assets - ASSET_OBSERVATION - DagsterEventType.ASSET_OBSERVATION for step bike_share_dbt_assets
[32m2025-06-19 18:02:04 +0530[0m - dagster - [34mDEBUG[0m - materialize_dbt_models - abaee9e3-8c4d-4184-97c6-285ad72186f7 - 226644 - bike_share_dbt_assets - ASSET_OBSERVATION - DagsterEventType.ASSET_OBSERVATION for step bike_share_dbt_assets
[32m2025-06-19 18:02:04 +0530[0m - dagster - [34mDEBUG[0m - materialize_dbt_models - abaee9e3-8c4d-4184-97c6-285ad72186f7 - 226644 - bike_share_dbt_assets - ASSET_OBSERVATION - DagsterEventType.ASSET_OBSERVATION for step bike_share_dbt_assets
[32m2025-06-19 18:02:04 +0530[0m - dagster - [34mDEBUG[0m - materialize_dbt_models - abaee9e3-8c4d-4184-97c6-285ad72186f7 - 226644 - bike_share_dbt_assets - ASSET_OBSERVATION - DagsterEventType.ASSET_OBSERVATION for step bike_share_dbt_assets
[32m2025-06-19 18:02:04 +0530[0m - dagster - [34mDEBUG[0m - materialize_dbt_models - abaee9e3-8c4d-4184-97c6-285ad72186f7 - 226644 - bike_share_dbt_assets - ASSET_OBSERVATION - DagsterEventType.ASSET_OBSERVATION for step bike_share_dbt_assets
[32m2025-06-19 18:02:04 +0530[0m - dagster - [34mDEBUG[0m - materialize_dbt_models - abaee9e3-8c4d-4184-97c6-285ad72186f7 - 226644 - bike_share_dbt_assets - ASSET_OBSERVATION - DagsterEventType.ASSET_OBSERVATION for step bike_share_dbt_assets
[32m2025-06-19 18:02:04 +0530[0m - dagster - [34mDEBUG[0m - materialize_dbt_models - abaee9e3-8c4d-4184-97c6-285ad72186f7 - 226644 - bike_share_dbt_assets - ASSET_OBSERVATION - DagsterEventType.ASSET_OBSERVATION for step bike_share_dbt_assets
[32m2025-06-19 18:02:04 +0530[0m - dagster - [34mDEBUG[0m - materialize_dbt_models - abaee9e3-8c4d-4184-97c6-285ad72186f7 - 226644 - bike_share_dbt_assets - ASSET_OBSERVATION - DagsterEventType.ASSET_OBSERVATION for step bike_share_dbt_assets
[32m2025-06-19 18:02:04 +0530[0m - dagster - [34mDEBUG[0m - materialize_dbt_models - abaee9e3-8c4d-4184-97c6-285ad72186f7 - 226644 - bike_share_dbt_assets - ASSET_OBSERVATION - DagsterEventType.ASSET_OBSERVATION for step bike_share_dbt_assets
[32m2025-06-19 18:02:05 +0530[0m - dagster - [34mDEBUG[0m - materialize_dbt_models - abaee9e3-8c4d-4184-97c6-285ad72186f7 - 226644 - bike_share_dbt_assets - STEP_OUTPUT - Yielded output "dim_time" of type "Nothing". (Type check passed).
[32m2025-06-19 18:02:05 +0530[0m - dagster - [34mWARNING[0m - materialize_dbt_models - abaee9e3-8c4d-4184-97c6-285ad72186f7 - bike_share_dbt_assets - Materializing unexpected asset key: AssetKey(['dim_time']).
[32m2025-06-19 18:02:05 +0530[0m - dagster - [34mDEBUG[0m - materialize_dbt_models - abaee9e3-8c4d-4184-97c6-285ad72186f7 - 226644 - bike_share_dbt_assets - ASSET_MATERIALIZATION - Materialized value dim_time.
[32m2025-06-19 18:02:05 +0530[0m - dagster - [34mDEBUG[0m - materialize_dbt_models - abaee9e3-8c4d-4184-97c6-285ad72186f7 - 226644 - bike_share_dbt_assets - HANDLED_OUTPUT - Handled output "dim_time" using IO manager "io_manager"
[32m2025-06-19 18:02:33 +0530[0m - dagster - [34mDEBUG[0m - materialize_dbt_models - abaee9e3-8c4d-4184-97c6-285ad72186f7 - 226644 - bike_share_dbt_assets - STEP_OUTPUT - Yielded output "int_rides_enriched" of type "Nothing". (Type check passed).
[32m2025-06-19 18:02:33 +0530[0m - dagster - [34mWARNING[0m - materialize_dbt_models - abaee9e3-8c4d-4184-97c6-285ad72186f7 - bike_share_dbt_assets - Materializing unexpected asset key: AssetKey(['int_rides_enriched']).
[32m2025-06-19 18:02:33 +0530[0m - dagster - [34mDEBUG[0m - materialize_dbt_models - abaee9e3-8c4d-4184-97c6-285ad72186f7 - 226644 - bike_share_dbt_assets - ASSET_MATERIALIZATION - Materialized value int_rides_enriched.
[32m2025-06-19 18:02:33 +0530[0m - dagster - [34mDEBUG[0m - materialize_dbt_models - abaee9e3-8c4d-4184-97c6-285ad72186f7 - 226644 - bike_share_dbt_assets - HANDLED_OUTPUT - Handled output "int_rides_enriched" using IO manager "io_manager"
[32m2025-06-19 18:02:33 +0530[0m - dagster - [34mDEBUG[0m - materialize_dbt_models - abaee9e3-8c4d-4184-97c6-285ad72186f7 - 226644 - bike_share_dbt_assets - STEP_OUTPUT - Yielded output "dim_stations" of type "Nothing". (Type check passed).
[32m2025-06-19 18:02:33 +0530[0m - dagster - [34mWARNING[0m - materialize_dbt_models - abaee9e3-8c4d-4184-97c6-285ad72186f7 - bike_share_dbt_assets - Materializing unexpected asset key: AssetKey(['dim_stations']).
[32m2025-06-19 18:02:33 +0530[0m - dagster - [34mDEBUG[0m - materialize_dbt_models - abaee9e3-8c4d-4184-97c6-285ad72186f7 - 226644 - bike_share_dbt_assets - ASSET_MATERIALIZATION - Materialized value dim_stations.
[32m2025-06-19 18:02:33 +0530[0m - dagster - [34mDEBUG[0m - materialize_dbt_models - abaee9e3-8c4d-4184-97c6-285ad72186f7 - 226644 - bike_share_dbt_assets - HANDLED_OUTPUT - Handled output "dim_stations" using IO manager "io_manager"
[32m2025-06-19 18:02:33 +0530[0m - dagster - [34mDEBUG[0m - materialize_dbt_models - abaee9e3-8c4d-4184-97c6-285ad72186f7 - 226644 - bike_share_dbt_assets - ASSET_OBSERVATION - DagsterEventType.ASSET_OBSERVATION for step bike_share_dbt_assets
[32m2025-06-19 18:02:33 +0530[0m - dagster - [34mDEBUG[0m - materialize_dbt_models - abaee9e3-8c4d-4184-97c6-285ad72186f7 - 226644 - bike_share_dbt_assets - ASSET_OBSERVATION - DagsterEventType.ASSET_OBSERVATION for step bike_share_dbt_assets
[32m2025-06-19 18:02:33 +0530[0m - dagster - [34mDEBUG[0m - materialize_dbt_models - abaee9e3-8c4d-4184-97c6-285ad72186f7 - 226644 - bike_share_dbt_assets - ASSET_OBSERVATION - DagsterEventType.ASSET_OBSERVATION for step bike_share_dbt_assets
[32m2025-06-19 18:02:34 +0530[0m - dagster - [34mDEBUG[0m - materialize_dbt_models - abaee9e3-8c4d-4184-97c6-285ad72186f7 - 226644 - bike_share_dbt_assets - ASSET_OBSERVATION - DagsterEventType.ASSET_OBSERVATION for step bike_share_dbt_assets
[32m2025-06-19 18:02:34 +0530[0m - dagster - [34mDEBUG[0m - materialize_dbt_models - abaee9e3-8c4d-4184-97c6-285ad72186f7 - 226644 - bike_share_dbt_assets - ASSET_OBSERVATION - DagsterEventType.ASSET_OBSERVATION for step bike_share_dbt_assets
[32m2025-06-19 18:02:34 +0530[0m - dagster - [34mDEBUG[0m - materialize_dbt_models - abaee9e3-8c4d-4184-97c6-285ad72186f7 - 226644 - bike_share_dbt_assets - ASSET_OBSERVATION - DagsterEventType.ASSET_OBSERVATION for step bike_share_dbt_assets
[32m2025-06-19 18:02:34 +0530[0m - dagster - [34mDEBUG[0m - materialize_dbt_models - abaee9e3-8c4d-4184-97c6-285ad72186f7 - 226644 - bike_share_dbt_assets - ASSET_OBSERVATION - DagsterEventType.ASSET_OBSERVATION for step bike_share_dbt_assets
[32m2025-06-19 18:02:34 +0530[0m - dagster - [34mDEBUG[0m - materialize_dbt_models - abaee9e3-8c4d-4184-97c6-285ad72186f7 - 226644 - bike_share_dbt_assets - ASSET_OBSERVATION - DagsterEventType.ASSET_OBSERVATION for step bike_share_dbt_assets
[32m2025-06-19 18:02:34 +0530[0m - dagster - [34mDEBUG[0m - materialize_dbt_models - abaee9e3-8c4d-4184-97c6-285ad72186f7 - 226644 - bike_share_dbt_assets - ASSET_OBSERVATION - DagsterEventType.ASSET_OBSERVATION for step bike_share_dbt_assets
[32m2025-06-19 18:02:34 +0530[0m - dagster - [34mDEBUG[0m - materialize_dbt_models - abaee9e3-8c4d-4184-97c6-285ad72186f7 - 226644 - bike_share_dbt_assets - ASSET_OBSERVATION - DagsterEventType.ASSET_OBSERVATION for step bike_share_dbt_assets
[32m2025-06-19 18:02:34 +0530[0m - dagster - [34mDEBUG[0m - materialize_dbt_models - abaee9e3-8c4d-4184-97c6-285ad72186f7 - 226644 - bike_share_dbt_assets - ASSET_OBSERVATION - DagsterEventType.ASSET_OBSERVATION for step bike_share_dbt_assets
[32m2025-06-19 18:02:34 +0530[0m - dagster - [34mDEBUG[0m - materialize_dbt_models - abaee9e3-8c4d-4184-97c6-285ad72186f7 - 226644 - bike_share_dbt_assets - ASSET_OBSERVATION - DagsterEventType.ASSET_OBSERVATION for step bike_share_dbt_assets
[32m2025-06-19 18:02:35 +0530[0m - dagster - [34mDEBUG[0m - materialize_dbt_models - abaee9e3-8c4d-4184-97c6-285ad72186f7 - 226644 - bike_share_dbt_assets - ASSET_OBSERVATION - DagsterEventType.ASSET_OBSERVATION for step bike_share_dbt_assets
[32m2025-06-19 18:02:35 +0530[0m - dagster - [34mDEBUG[0m - materialize_dbt_models - abaee9e3-8c4d-4184-97c6-285ad72186f7 - 226644 - bike_share_dbt_assets - ASSET_OBSERVATION - DagsterEventType.ASSET_OBSERVATION for step bike_share_dbt_assets
[32m2025-06-19 18:02:35 +0530[0m - dagster - [34mDEBUG[0m - materialize_dbt_models - abaee9e3-8c4d-4184-97c6-285ad72186f7 - 226644 - bike_share_dbt_assets - ASSET_OBSERVATION - DagsterEventType.ASSET_OBSERVATION for step bike_share_dbt_assets
[32m2025-06-19 18:02:35 +0530[0m - dagster - [34mDEBUG[0m - materialize_dbt_models - abaee9e3-8c4d-4184-97c6-285ad72186f7 - 226644 - bike_share_dbt_assets - ASSET_OBSERVATION - DagsterEventType.ASSET_OBSERVATION for step bike_share_dbt_assets
[32m2025-06-19 18:02:35 +0530[0m - dagster - [34mDEBUG[0m - materialize_dbt_models - abaee9e3-8c4d-4184-97c6-285ad72186f7 - 226644 - bike_share_dbt_assets - ASSET_OBSERVATION - DagsterEventType.ASSET_OBSERVATION for step bike_share_dbt_assets
[32m2025-06-19 18:02:35 +0530[0m - dagster - [34mDEBUG[0m - materialize_dbt_models - abaee9e3-8c4d-4184-97c6-285ad72186f7 - 226644 - bike_share_dbt_assets - ASSET_OBSERVATION - DagsterEventType.ASSET_OBSERVATION for step bike_share_dbt_assets
[32m2025-06-19 18:02:35 +0530[0m - dagster - [34mDEBUG[0m - materialize_dbt_models - abaee9e3-8c4d-4184-97c6-285ad72186f7 - 226644 - bike_share_dbt_assets - ASSET_OBSERVATION - DagsterEventType.ASSET_OBSERVATION for step bike_share_dbt_assets
[32m2025-06-19 18:02:35 +0530[0m - dagster - [34mDEBUG[0m - materialize_dbt_models - abaee9e3-8c4d-4184-97c6-285ad72186f7 - 226644 - bike_share_dbt_assets - ASSET_OBSERVATION - DagsterEventType.ASSET_OBSERVATION for step bike_share_dbt_assets
[32m2025-06-19 18:02:35 +0530[0m - dagster - [34mDEBUG[0m - materialize_dbt_models - abaee9e3-8c4d-4184-97c6-285ad72186f7 - 226644 - bike_share_dbt_assets - ASSET_OBSERVATION - DagsterEventType.ASSET_OBSERVATION for step bike_share_dbt_assets
[32m2025-06-19 18:02:35 +0530[0m - dagster - [34mDEBUG[0m - materialize_dbt_models - abaee9e3-8c4d-4184-97c6-285ad72186f7 - 226644 - bike_share_dbt_assets - ASSET_OBSERVATION - DagsterEventType.ASSET_OBSERVATION for step bike_share_dbt_assets
[32m2025-06-19 18:02:35 +0530[0m - dagster - [34mDEBUG[0m - materialize_dbt_models - abaee9e3-8c4d-4184-97c6-285ad72186f7 - 226644 - bike_share_dbt_assets - ASSET_OBSERVATION - DagsterEventType.ASSET_OBSERVATION for step bike_share_dbt_assets
[32m2025-06-19 18:02:35 +0530[0m - dagster - [34mDEBUG[0m - materialize_dbt_models - abaee9e3-8c4d-4184-97c6-285ad72186f7 - 226644 - bike_share_dbt_assets - ASSET_OBSERVATION - DagsterEventType.ASSET_OBSERVATION for step bike_share_dbt_assets
[32m2025-06-19 18:02:35 +0530[0m - dagster - [34mDEBUG[0m - materialize_dbt_models - abaee9e3-8c4d-4184-97c6-285ad72186f7 - 226644 - bike_share_dbt_assets - ASSET_OBSERVATION - DagsterEventType.ASSET_OBSERVATION for step bike_share_dbt_assets
[32m2025-06-19 18:02:36 +0530[0m - dagster - [34mDEBUG[0m - materialize_dbt_models - abaee9e3-8c4d-4184-97c6-285ad72186f7 - 226644 - bike_share_dbt_assets - ASSET_OBSERVATION - DagsterEventType.ASSET_OBSERVATION for step bike_share_dbt_assets
[32m2025-06-19 18:02:36 +0530[0m - dagster - [34mDEBUG[0m - materialize_dbt_models - abaee9e3-8c4d-4184-97c6-285ad72186f7 - 226644 - bike_share_dbt_assets - ASSET_OBSERVATION - DagsterEventType.ASSET_OBSERVATION for step bike_share_dbt_assets
[32m2025-06-19 18:02:36 +0530[0m - dagster - [34mDEBUG[0m - materialize_dbt_models - abaee9e3-8c4d-4184-97c6-285ad72186f7 - 226644 - bike_share_dbt_assets - ASSET_OBSERVATION - DagsterEventType.ASSET_OBSERVATION for step bike_share_dbt_assets
[32m2025-06-19 18:02:36 +0530[0m - dagster - [34mDEBUG[0m - materialize_dbt_models - abaee9e3-8c4d-4184-97c6-285ad72186f7 - 226644 - bike_share_dbt_assets - ASSET_OBSERVATION - DagsterEventType.ASSET_OBSERVATION for step bike_share_dbt_assets
[32m2025-06-19 18:02:36 +0530[0m - dagster - [34mDEBUG[0m - materialize_dbt_models - abaee9e3-8c4d-4184-97c6-285ad72186f7 - 226644 - bike_share_dbt_assets - ASSET_OBSERVATION - DagsterEventType.ASSET_OBSERVATION for step bike_share_dbt_assets
[32m2025-06-19 18:02:36 +0530[0m - dagster - [34mDEBUG[0m - materialize_dbt_models - abaee9e3-8c4d-4184-97c6-285ad72186f7 - 226644 - bike_share_dbt_assets - ASSET_OBSERVATION - DagsterEventType.ASSET_OBSERVATION for step bike_share_dbt_assets
[32m2025-06-19 18:02:36 +0530[0m - dagster - [34mDEBUG[0m - materialize_dbt_models - abaee9e3-8c4d-4184-97c6-285ad72186f7 - 226644 - bike_share_dbt_assets - ASSET_OBSERVATION - DagsterEventType.ASSET_OBSERVATION for step bike_share_dbt_assets
[32m2025-06-19 18:02:36 +0530[0m - dagster - [34mDEBUG[0m - materialize_dbt_models - abaee9e3-8c4d-4184-97c6-285ad72186f7 - 226644 - bike_share_dbt_assets - ASSET_OBSERVATION - DagsterEventType.ASSET_OBSERVATION for step bike_share_dbt_assets
[32m2025-06-19 18:02:36 +0530[0m - dagster - [34mDEBUG[0m - materialize_dbt_models - abaee9e3-8c4d-4184-97c6-285ad72186f7 - 226644 - bike_share_dbt_assets - ASSET_OBSERVATION - DagsterEventType.ASSET_OBSERVATION for step bike_share_dbt_assets
[32m2025-06-19 18:02:36 +0530[0m - dagster - [34mDEBUG[0m - materialize_dbt_models - abaee9e3-8c4d-4184-97c6-285ad72186f7 - 226644 - bike_share_dbt_assets - ASSET_OBSERVATION - DagsterEventType.ASSET_OBSERVATION for step bike_share_dbt_assets
[32m2025-06-19 18:02:36 +0530[0m - dagster - [34mDEBUG[0m - materialize_dbt_models - abaee9e3-8c4d-4184-97c6-285ad72186f7 - 226644 - bike_share_dbt_assets - ASSET_OBSERVATION - DagsterEventType.ASSET_OBSERVATION for step bike_share_dbt_assets
[32m2025-06-19 18:02:36 +0530[0m - dagster - [34mDEBUG[0m - materialize_dbt_models - abaee9e3-8c4d-4184-97c6-285ad72186f7 - 226644 - bike_share_dbt_assets - ASSET_OBSERVATION - DagsterEventType.ASSET_OBSERVATION for step bike_share_dbt_assets
[32m2025-06-19 18:02:37 +0530[0m - dagster - [34mDEBUG[0m - materialize_dbt_models - abaee9e3-8c4d-4184-97c6-285ad72186f7 - 226644 - bike_share_dbt_assets - ASSET_OBSERVATION - DagsterEventType.ASSET_OBSERVATION for step bike_share_dbt_assets
[32m2025-06-19 18:02:37 +0530[0m - dagster - [34mDEBUG[0m - materialize_dbt_models - abaee9e3-8c4d-4184-97c6-285ad72186f7 - 226644 - bike_share_dbt_assets - STEP_OUTPUT - Yielded output "dim_users" of type "Nothing". (Type check passed).
[32m2025-06-19 18:02:37 +0530[0m - dagster - [34mWARNING[0m - materialize_dbt_models - abaee9e3-8c4d-4184-97c6-285ad72186f7 - bike_share_dbt_assets - Materializing unexpected asset key: AssetKey(['dim_users']).
[32m2025-06-19 18:02:37 +0530[0m - dagster - [34mDEBUG[0m - materialize_dbt_models - abaee9e3-8c4d-4184-97c6-285ad72186f7 - 226644 - bike_share_dbt_assets - ASSET_MATERIALIZATION - Materialized value dim_users.
[32m2025-06-19 18:02:37 +0530[0m - dagster - [34mDEBUG[0m - materialize_dbt_models - abaee9e3-8c4d-4184-97c6-285ad72186f7 - 226644 - bike_share_dbt_assets - HANDLED_OUTPUT - Handled output "dim_users" using IO manager "io_manager"
[32m2025-06-19 18:02:37 +0530[0m - dagster - [34mDEBUG[0m - materialize_dbt_models - abaee9e3-8c4d-4184-97c6-285ad72186f7 - 226644 - bike_share_dbt_assets - ASSET_OBSERVATION - DagsterEventType.ASSET_OBSERVATION for step bike_share_dbt_assets
[32m2025-06-19 18:02:38 +0530[0m - dagster - [34mDEBUG[0m - materialize_dbt_models - abaee9e3-8c4d-4184-97c6-285ad72186f7 - 226644 - bike_share_dbt_assets - ASSET_OBSERVATION - DagsterEventType.ASSET_OBSERVATION for step bike_share_dbt_assets
[32m2025-06-19 18:02:38 +0530[0m - dagster - [34mDEBUG[0m - materialize_dbt_models - abaee9e3-8c4d-4184-97c6-285ad72186f7 - 226644 - bike_share_dbt_assets - ASSET_OBSERVATION - DagsterEventType.ASSET_OBSERVATION for step bike_share_dbt_assets
[32m2025-06-19 18:02:38 +0530[0m - dagster - [34mDEBUG[0m - materialize_dbt_models - abaee9e3-8c4d-4184-97c6-285ad72186f7 - 226644 - bike_share_dbt_assets - ASSET_OBSERVATION - DagsterEventType.ASSET_OBSERVATION for step bike_share_dbt_assets
[32m2025-06-19 18:02:38 +0530[0m - dagster - [34mDEBUG[0m - materialize_dbt_models - abaee9e3-8c4d-4184-97c6-285ad72186f7 - 226644 - bike_share_dbt_assets - ASSET_OBSERVATION - DagsterEventType.ASSET_OBSERVATION for step bike_share_dbt_assets
[32m2025-06-19 18:02:38 +0530[0m - dagster - [34mDEBUG[0m - materialize_dbt_models - abaee9e3-8c4d-4184-97c6-285ad72186f7 - 226644 - bike_share_dbt_assets - ASSET_OBSERVATION - DagsterEventType.ASSET_OBSERVATION for step bike_share_dbt_assets
[32m2025-06-19 18:02:38 +0530[0m - dagster - [34mDEBUG[0m - materialize_dbt_models - abaee9e3-8c4d-4184-97c6-285ad72186f7 - 226644 - bike_share_dbt_assets - ASSET_OBSERVATION - DagsterEventType.ASSET_OBSERVATION for step bike_share_dbt_assets
[32m2025-06-19 18:02:38 +0530[0m - dagster - [34mDEBUG[0m - materialize_dbt_models - abaee9e3-8c4d-4184-97c6-285ad72186f7 - 226644 - bike_share_dbt_assets - ASSET_OBSERVATION - DagsterEventType.ASSET_OBSERVATION for step bike_share_dbt_assets
[32m2025-06-19 18:02:38 +0530[0m - dagster - [34mDEBUG[0m - materialize_dbt_models - abaee9e3-8c4d-4184-97c6-285ad72186f7 - 226644 - bike_share_dbt_assets - ASSET_OBSERVATION - DagsterEventType.ASSET_OBSERVATION for step bike_share_dbt_assets
[32m2025-06-19 18:02:38 +0530[0m - dagster - [34mDEBUG[0m - materialize_dbt_models - abaee9e3-8c4d-4184-97c6-285ad72186f7 - 226644 - bike_share_dbt_assets - ASSET_OBSERVATION - DagsterEventType.ASSET_OBSERVATION for step bike_share_dbt_assets
[32m2025-06-19 18:03:43 +0530[0m - dagster - [34mDEBUG[0m - materialize_dbt_models - abaee9e3-8c4d-4184-97c6-285ad72186f7 - 226644 - bike_share_dbt_assets - STEP_OUTPUT - Yielded output "fact_rides_summary" of type "Nothing". (Type check passed).
[32m2025-06-19 18:03:43 +0530[0m - dagster - [34mWARNING[0m - materialize_dbt_models - abaee9e3-8c4d-4184-97c6-285ad72186f7 - bike_share_dbt_assets - Materializing unexpected asset key: AssetKey(['fact_rides_summary']).
[32m2025-06-19 18:03:43 +0530[0m - dagster - [34mDEBUG[0m - materialize_dbt_models - abaee9e3-8c4d-4184-97c6-285ad72186f7 - 226644 - bike_share_dbt_assets - ASSET_MATERIALIZATION - Materialized value fact_rides_summary.
[32m2025-06-19 18:03:43 +0530[0m - dagster - [34mDEBUG[0m - materialize_dbt_models - abaee9e3-8c4d-4184-97c6-285ad72186f7 - 226644 - bike_share_dbt_assets - HANDLED_OUTPUT - Handled output "fact_rides_summary" using IO manager "io_manager"
[32m2025-06-19 18:03:44 +0530[0m - dagster - [34mDEBUG[0m - materialize_dbt_models - abaee9e3-8c4d-4184-97c6-285ad72186f7 - 226644 - bike_share_dbt_assets - ASSET_OBSERVATION - DagsterEventType.ASSET_OBSERVATION for step bike_share_dbt_assets
[32m2025-06-19 18:03:44 +0530[0m - dagster - [34mDEBUG[0m - materialize_dbt_models - abaee9e3-8c4d-4184-97c6-285ad72186f7 - 226644 - bike_share_dbt_assets - ASSET_OBSERVATION - DagsterEventType.ASSET_OBSERVATION for step bike_share_dbt_assets
[32m2025-06-19 18:03:44 +0530[0m - dagster - [34mDEBUG[0m - materialize_dbt_models - abaee9e3-8c4d-4184-97c6-285ad72186f7 - 226644 - bike_share_dbt_assets - ASSET_OBSERVATION - DagsterEventType.ASSET_OBSERVATION for step bike_share_dbt_assets
[32m2025-06-19 18:03:44 +0530[0m - dagster - [34mDEBUG[0m - materialize_dbt_models - abaee9e3-8c4d-4184-97c6-285ad72186f7 - 226644 - bike_share_dbt_assets - ASSET_OBSERVATION - DagsterEventType.ASSET_OBSERVATION for step bike_share_dbt_assets
[32m2025-06-19 18:03:44 +0530[0m - dagster - [34mDEBUG[0m - materialize_dbt_models - abaee9e3-8c4d-4184-97c6-285ad72186f7 - 226644 - bike_share_dbt_assets - ASSET_OBSERVATION - DagsterEventType.ASSET_OBSERVATION for step bike_share_dbt_assets
[32m2025-06-19 18:03:44 +0530[0m - dagster - [34mDEBUG[0m - materialize_dbt_models - abaee9e3-8c4d-4184-97c6-285ad72186f7 - 226644 - bike_share_dbt_assets - ASSET_OBSERVATION - DagsterEventType.ASSET_OBSERVATION for step bike_share_dbt_assets
[32m2025-06-19 18:03:55 +0530[0m - dagster - [34mDEBUG[0m - materialize_dbt_models - abaee9e3-8c4d-4184-97c6-285ad72186f7 - 226644 - bike_share_dbt_assets - ASSET_OBSERVATION - DagsterEventType.ASSET_OBSERVATION for step bike_share_dbt_assets
[32m2025-06-19 18:03:55 +0530[0m - dagster - [34mDEBUG[0m - materialize_dbt_models - abaee9e3-8c4d-4184-97c6-285ad72186f7 - 226644 - bike_share_dbt_assets - ASSET_OBSERVATION - DagsterEventType.ASSET_OBSERVATION for step bike_share_dbt_assets
[32m2025-06-19 18:03:55 +0530[0m - dagster - [34mDEBUG[0m - materialize_dbt_models - abaee9e3-8c4d-4184-97c6-285ad72186f7 - 226644 - bike_share_dbt_assets - ASSET_OBSERVATION - DagsterEventType.ASSET_OBSERVATION for step bike_share_dbt_assets
[32m2025-06-19 18:03:55 +0530[0m - dagster - [34mDEBUG[0m - materialize_dbt_models - abaee9e3-8c4d-4184-97c6-285ad72186f7 - 226644 - bike_share_dbt_assets - ASSET_OBSERVATION - DagsterEventType.ASSET_OBSERVATION for step bike_share_dbt_assets
[32m2025-06-19 18:03:56 +0530[0m - dagster - [34mDEBUG[0m - materialize_dbt_models - abaee9e3-8c4d-4184-97c6-285ad72186f7 - 226644 - bike_share_dbt_assets - ASSET_OBSERVATION - DagsterEventType.ASSET_OBSERVATION for step bike_share_dbt_assets
[32m2025-06-19 18:03:56 +0530[0m - dagster - [34mDEBUG[0m - materialize_dbt_models - abaee9e3-8c4d-4184-97c6-285ad72186f7 - 226644 - bike_share_dbt_assets - ASSET_OBSERVATION - DagsterEventType.ASSET_OBSERVATION for step bike_share_dbt_assets
[32m2025-06-19 18:03:57 +0530[0m - dagster - [34mDEBUG[0m - materialize_dbt_models - abaee9e3-8c4d-4184-97c6-285ad72186f7 - 226644 - bike_share_dbt_assets - ASSET_OBSERVATION - DagsterEventType.ASSET_OBSERVATION for step bike_share_dbt_assets
[32m2025-06-19 18:03:57 +0530[0m - dagster - [34mDEBUG[0m - materialize_dbt_models - abaee9e3-8c4d-4184-97c6-285ad72186f7 - 226644 - bike_share_dbt_assets - ASSET_OBSERVATION - DagsterEventType.ASSET_OBSERVATION for step bike_share_dbt_assets
[32m2025-06-19 18:03:58 +0530[0m - dagster - [34mDEBUG[0m - materialize_dbt_models - abaee9e3-8c4d-4184-97c6-285ad72186f7 - 226644 - bike_share_dbt_assets - ASSET_OBSERVATION - DagsterEventType.ASSET_OBSERVATION for step bike_share_dbt_assets
[32m2025-06-19 18:03:58 +0530[0m - dagster - [34mDEBUG[0m - materialize_dbt_models - abaee9e3-8c4d-4184-97c6-285ad72186f7 - 226644 - bike_share_dbt_assets - ASSET_OBSERVATION - DagsterEventType.ASSET_OBSERVATION for step bike_share_dbt_assets
[32m2025-06-19 18:04:03 +0530[0m - dagster - [34mINFO[0m - materialize_dbt_models - abaee9e3-8c4d-4184-97c6-285ad72186f7 - bike_share_dbt_assets - op 'bike_share_dbt_assets' did not fire outputs {'calculate_age'}
[32m2025-06-19 18:04:03 +0530[0m - dagster - [34mDEBUG[0m - materialize_dbt_models - abaee9e3-8c4d-4184-97c6-285ad72186f7 - 226644 - bike_share_dbt_assets - STEP_SUCCESS - Finished execution of step "bike_share_dbt_assets" in 2m9s.
